Total DISK READ:      1293.89 K/s | Total DISK WRITE:         0.00 B/s
Current DISK READ:     431.30 K/s | Current DISK WRITE:       0.00 B/s
    PID  PRIO  USER     DISK READ  DISK WRITE  SWAPIN      IO    COMMAND
   1413 be/4 root      646.94 K/s    0.00 B/s ?unavailable?  BESClient
   3894 be/4 ubuntu    646.94 K/s    0.00 B/s ?unavailable?  python3 -m uvicorn main:app --host 0.0.0.0 --port 8012 --log-level info
Total DISK READ:        74.85 M/s | Total DISK WRITE:       607.69 K/s
Current DISK READ:      85.05 M/s | Current DISK WRITE:     915.47 K/s
    PID  PRIO  USER     DISK READ  DISK WRITE  SWAPIN      IO    COMMAND
   1255 be/4 root       19.73 K/s  410.38 K/s ?unavailable?  snapd
   1559 be/4 root       90.76 K/s   94.70 K/s ?unavailable?  containerd
   1413 be/4 root        4.85 M/s   51.30 K/s ?unavailable?  BESClient
    432 be/3 root        0.00 B/s   31.57 K/s ?unavailable?  [jbd2/nvme0n1p2-8]
   1958 be/4 root     1404.78 K/s    3.95 K/s ?unavailable?  dockerd -H fd:// --containerd=/run/containerd/containerd.sock
   4428 be/4 root        3.95 K/s    3.95 K/s ?unavailable?  python3 /usr/sbin/iotop -o -P -b
   3892 be/4 ubuntu     21.19 M/s    0.00 B/s ?unavailable?  python3 -m uvicorn main:app --host 0.0.0.0 --port 8010
   3894 be/4 ubuntu     17.53 M/s    0.00 B/s ?unavailable?  python3 -m uvicorn main:app --host 0.0.0.0 --port 8012 --log-level info
   3896 be/4 ubuntu     15.76 M/s    0.00 B/s ?unavailable?  python3 -m uvicorn main:app --host 0.0.0.0 --port 8011
   3902 be/4 ubuntu     13.94 M/s    0.00 B/s ?unavailable?  python3 -m uvicorn main:app --host 0.0.0.0 --port 8020
   4409 be/4 root        3.95 K/s    0.00 B/s ?unavailable?  bash /scripts/collect_gpu.sh
   4436 be/4 root       90.76 K/s    0.00 B/s ?unavailable?  pcm 1 -silent -r -nc -nsys -csv=/tmp/results/pcm.csv
Total DISK READ:       115.72 M/s | Total DISK WRITE:         2.47 M/s
Current DISK READ:     117.29 M/s | Current DISK WRITE:       2.34 M/s
    PID  PRIO  USER     DISK READ  DISK WRITE  SWAPIN      IO    COMMAND
   1559 be/4 root        0.00 B/s 1392.40 K/s ?unavailable?  containerd
   1958 be/4 root        2.17 M/s  900.73 K/s ?unavailable?  dockerd -H fd:// --containerd=/run/containerd/containerd.sock
   1255 be/4 root       59.00 K/s  204.53 K/s ?unavailable?  snapd
    432 be/3 root        0.00 B/s   19.67 K/s ?unavailable?  [jbd2/nvme0n1p2-8]
   4492 be/4 root        0.00 B/s    7.87 K/s ?unavailable?  qmassa -d 0000:00:02.0,vendor=8086,device=7d55,card=1,driver=i915 -g -x -t /tmp/results/qmassa1-7d55-i915-tool-generated.json
    483 be/3 root        0.00 B/s    3.93 K/s ?unavailable?  systemd-journald
   1271 be/4 102         0.00 B/s    3.93 K/s ?unavailable?  rsyslogd -n -iNONE
   1413 be/4 root      806.33 K/s    0.00 B/s ?unavailable?  BESClient
   3892 be/4 ubuntu     47.03 M/s    0.00 B/s ?unavailable?  python3 -m uvicorn main:app --host 0.0.0.0 --port 8010
   3894 be/4 ubuntu     13.01 M/s    0.00 B/s ?unavailable?  python3 -m uvicorn main:app --host 0.0.0.0 --port 8012 --log-level info
   3896 be/4 ubuntu     41.23 M/s    0.00 B/s ?unavailable?  python3 -m uvicorn main:app --host 0.0.0.0 --port 8011
   3902 be/4 ubuntu     11.39 M/s    0.00 B/s ?unavailable?  python3 -m uvicorn main:app --host 0.0.0.0 --port 8020
   4436 be/4 root       31.47 K/s    0.00 B/s ?unavailable?  pcm 1 -silent -r -nc -nsys -csv=/tmp/results/pcm.csv
Total DISK READ:       141.35 M/s | Total DISK WRITE:       887.52 K/s
Current DISK READ:     141.33 M/s | Current DISK WRITE:     907.15 K/s
    PID  PRIO  USER     DISK READ  DISK WRITE  SWAPIN      IO    COMMAND
   1559 be/4 root        6.19 M/s  871.81 K/s ?unavailable?  containerd
   1958 be/4 root      310.24 K/s    3.93 K/s ?unavailable?  dockerd -H fd:// --containerd=/run/containerd/containerd.sock
   1413 be/4 root       54.98 K/s    0.00 B/s ?unavailable?  BESClient
   3747 be/4 root        0.00 B/s    0.00 B/s ?unavailable?  containerd-shim-runc-v2 -namespace moby -id 72533effffea1be4e88b3aadbe33ab66485907a5434e72c8309e5e6032358693 -address /run/containerd/containerd.sock
   3748 be/4 root        0.00 B/s    0.00 B/s ?unavailable?  containerd-shim-runc-v2 -namespace moby -id 5d830ab4408b4429f96aef189bcc994148a99045ccb54fb33f77c1b249013749 -address /run/containerd/containerd.sock
   3749 be/4 root        0.00 B/s    0.00 B/s ?unavailable?  containerd-shim-runc-v2 -namespace moby -id 54de4e4748676a0311e66a78041eb928289f876adce220486258fdf76fb5c36d -address /run/containerd/containerd.sock
   3892 be/4 ubuntu     24.64 M/s    0.00 B/s ?unavailable?  python3 -m uvicorn main:app --host 0.0.0.0 --port 8010
   3894 be/4 ubuntu   1464.80 K/s    0.00 B/s ?unavailable?  python3 -m uvicorn main:app --host 0.0.0.0 --port 8012 --log-level info
   3896 be/4 ubuntu     48.75 M/s    0.00 B/s ?unavailable?  python3 -m uvicorn main:app --host 0.0.0.0 --port 8011
   3902 be/4 ubuntu     59.98 M/s    0.00 B/s ?unavailable?  python3 -m uvicorn main:app --host 0.0.0.0 --port 8020
Total DISK READ:       140.79 M/s | Total DISK WRITE:         2.87 M/s
Current DISK READ:     142.02 M/s | Current DISK WRITE:       4.66 M/s
    PID  PRIO  USER     DISK READ  DISK WRITE  SWAPIN      IO    COMMAND
   1559 be/4 root      880.13 K/s 1320.20 K/s ?unavailable?  containerd
    432 be/3 root        0.00 B/s  667.96 K/s ?unavailable?  [jbd2/nvme0n1p2-8]
   1413 be/4 root        3.37 M/s  514.72 K/s ?unavailable?  BESClient
   1958 be/4 root       62.87 K/s    7.86 K/s ?unavailable?  dockerd -H fd:// --containerd=/run/containerd/containerd.sock
   4492 be/4 root        0.00 B/s    7.86 K/s ?unavailable?  qmassa -d 0000:00:02.0,vendor=8086,device=7d55,card=1,driver=i915 -g -x -t /tmp/results/qmassa1-7d55-i915-tool-generated.json
   3896 be/4 ubuntu     25.21 M/s    3.93 K/s ?unavailable?  python3 -m uvicorn main:app --host 0.0.0.0 --port 8011
   4428 be/4 root        0.00 B/s    3.93 K/s ?unavailable?  python3 /usr/sbin/iotop -o -P -b
   3753 be/4 root        0.00 B/s    0.00 B/s ?unavailable?  containerd-shim-runc-v2 -namespace moby -id 1494e8bb3d9b8f2beb4ed1bb03c8840d4228228c1287287efa32035645da46af -address /run/containerd/containerd.sock
   3892 be/4 ubuntu     82.56 M/s    0.00 B/s ?unavailable?  python3 -m uvicorn main:app --host 0.0.0.0 --port 8010
   3894 be/4 ubuntu     23.58 K/s    0.00 B/s ?unavailable?  python3 -m uvicorn main:app --host 0.0.0.0 --port 8012 --log-level info
   3902 be/4 ubuntu     28.71 M/s    0.00 B/s ?unavailable?  python3 -m uvicorn main:app --host 0.0.0.0 --port 8020
Total DISK READ:       252.48 M/s | Total DISK WRITE:       418.14 K/s
Current DISK READ:     262.53 M/s | Current DISK WRITE:     461.54 K/s
    PID  PRIO  USER     DISK READ  DISK WRITE  SWAPIN      IO    COMMAND
   3040 idle ubuntu    970.41 K/s  303.75 K/s ?unavailable?  tracker-miner-fs-3
    432 be/3 root        0.00 B/s   94.67 K/s ?unavailable?  [jbd2/nvme0n1p2-8]
   4492 be/4 root        0.00 B/s   11.83 K/s ?unavailable?  qmassa -d 0000:00:02.0,vendor=8086,device=7d55,card=1,driver=i915 -g -x -t /tmp/results/qmassa1-7d55-i915-tool-generated.json
   1958 be/4 root        7.89 K/s    3.94 K/s ?unavailable?  dockerd -H fd:// --containerd=/run/containerd/containerd.sock
   3892 be/4 ubuntu    158.30 M/s    3.94 K/s ?unavailable?  python3 -m uvicorn main:app --host 0.0.0.0 --port 8010
   3896 be/4 ubuntu     61.57 M/s    0.00 B/s ?unavailable?  python3 -m uvicorn main:app --host 0.0.0.0 --port 8011
   3902 be/4 ubuntu     31.65 M/s    0.00 B/s ?unavailable?  python3 -m uvicorn main:app --host 0.0.0.0 --port 8020
Total DISK READ:       100.32 M/s | Total DISK WRITE:         7.77 K/s
Current DISK READ:     107.09 M/s | Current DISK WRITE:       0.00 B/s
    PID  PRIO  USER     DISK READ  DISK WRITE  SWAPIN      IO    COMMAND
   1413 be/4 root      264.32 K/s    3.89 K/s ?unavailable?  BESClient
   3892 be/4 ubuntu     56.97 M/s    0.00 B/s ?unavailable?  python3 -m uvicorn main:app --host 0.0.0.0 --port 8010
   3896 be/4 ubuntu     19.33 M/s    0.00 B/s ?unavailable?  python3 -m uvicorn main:app --host 0.0.0.0 --port 8011
   3902 be/4 ubuntu     23.76 M/s    0.00 B/s ?unavailable?  python3 -m uvicorn main:app --host 0.0.0.0 --port 8020
Total DISK READ:       189.28 M/s | Total DISK WRITE:        11.35 K/s
Current DISK READ:     197.26 M/s | Current DISK WRITE:       0.00 B/s
    PID  PRIO  USER     DISK READ  DISK WRITE  SWAPIN      IO    COMMAND
   4492 be/4 root        0.00 B/s   11.35 K/s ?unavailable?  qmassa -d 0000:00:02.0,vendor=8086,device=7d55,card=1,driver=i915 -g -x -t /tmp/results/qmassa1-7d55-i915-tool-generated.json
   3892 be/4 ubuntu     32.38 M/s    0.00 B/s ?unavailable?  python3 -m uvicorn main:app --host 0.0.0.0 --port 8010
   3896 be/4 ubuntu    122.05 M/s    0.00 B/s ?unavailable?  python3 -m uvicorn main:app --host 0.0.0.0 --port 8011
   3902 be/4 ubuntu     34.55 M/s    0.00 B/s ?unavailable?  python3 -m uvicorn main:app --host 0.0.0.0 --port 8020
   4679 be/4 ubuntu    306.53 K/s    0.00 B/s ?unavailable?  [python3]
Total DISK READ:       113.35 M/s | Total DISK WRITE:        34.83 K/s
Current DISK READ:     113.22 M/s | Current DISK WRITE:       0.00 B/s
    PID  PRIO  USER     DISK READ  DISK WRITE  SWAPIN      IO    COMMAND
   4492 be/4 root        0.00 B/s   15.48 K/s ?unavailable?  qmassa -d 0000:00:02.0,vendor=8086,device=7d55,card=1,driver=i915 -g -x -t /tmp/results/qmassa1-7d55-i915-tool-generated.json
   4428 be/4 root        0.00 B/s    3.87 K/s ?unavailable?  python3 /usr/sbin/iotop -o -P -b
   3747 be/4 root        0.00 B/s    0.00 B/s ?unavailable?  containerd-shim-runc-v2 -namespace moby -id 72533effffea1be4e88b3aadbe33ab66485907a5434e72c8309e5e6032358693 -address /run/containerd/containerd.sock
   3748 be/4 root        0.00 B/s    0.00 B/s ?unavailable?  containerd-shim-runc-v2 -namespace moby -id 5d830ab4408b4429f96aef189bcc994148a99045ccb54fb33f77c1b249013749 -address /run/containerd/containerd.sock
   3752 be/4 root        0.00 B/s    0.00 B/s ?unavailable?  containerd-shim-runc-v2 -namespace moby -id 7eee4cec281aa49c0bc35c930cdaef81d954d6b39a02217e3799360a8e21c55d -address /run/containerd/containerd.sock
   3753 be/4 root        0.00 B/s    0.00 B/s ?unavailable?  containerd-shim-runc-v2 -namespace moby -id 1494e8bb3d9b8f2beb4ed1bb03c8840d4228228c1287287efa32035645da46af -address /run/containerd/containerd.sock
   3892 be/4 ubuntu     33.91 M/s    0.00 B/s ?unavailable?  python3 -m uvicorn main:app --host 0.0.0.0 --port 8010
   3896 be/4 ubuntu    189.64 K/s    0.00 B/s ?unavailable?  python3 -m uvicorn main:app --host 0.0.0.0 --port 8011
   3902 be/4 ubuntu     79.25 M/s    0.00 B/s ?unavailable?  python3 -m uvicorn main:app --host 0.0.0.0 --port 8020
Total DISK READ:       150.93 M/s | Total DISK WRITE:        19.54 K/s
Current DISK READ:     151.37 M/s | Current DISK WRITE:       7.81 K/s
    PID  PRIO  USER     DISK READ  DISK WRITE  SWAPIN      IO    COMMAND
   3902 be/4 ubuntu     48.83 M/s   11.72 K/s ?unavailable?  python3 -m uvicorn main:app --host 0.0.0.0 --port 8020
   3892 be/4 ubuntu    101.54 M/s    3.91 K/s ?unavailable?  python3 -m uvicorn main:app --host 0.0.0.0 --port 8010
   1413 be/4 root      566.53 K/s    0.00 B/s ?unavailable?  BESClient
Total DISK READ:        74.37 M/s | Total DISK WRITE:        86.09 K/s
Current DISK READ:      74.12 M/s | Current DISK WRITE:     226.96 K/s
    PID  PRIO  USER     DISK READ  DISK WRITE  SWAPIN      IO    COMMAND
    432 be/3 root        0.00 B/s   66.52 K/s ?unavailable?  [jbd2/nvme0n1p2-8]
   4492 be/4 root        0.00 B/s   19.57 K/s ?unavailable?  qmassa -d 0000:00:02.0,vendor=8086,device=7d55,card=1,driver=i915 -g -x -t /tmp/results/qmassa1-7d55-i915-tool-generated.json
   1413 be/4 root        2.11 M/s    0.00 B/s ?unavailable?  BESClient
   3892 be/4 ubuntu     54.77 M/s    0.00 B/s ?unavailable?  python3 -m uvicorn main:app --host 0.0.0.0 --port 8010
   3902 be/4 ubuntu     17.50 M/s    0.00 B/s ?unavailable?  python3 -m uvicorn main:app --host 0.0.0.0 --port 8020
Total DISK READ:       104.42 M/s | Total DISK WRITE:        35.28 K/s
Current DISK READ:     338.16 M/s | Current DISK WRITE:       0.00 B/s
    PID  PRIO  USER     DISK READ  DISK WRITE  SWAPIN      IO    COMMAND
   4492 be/4 root        0.00 B/s   19.60 K/s ?unavailable?  qmassa -d 0000:00:02.0,vendor=8086,device=7d55,card=1,driver=i915 -g -x -t /tmp/results/qmassa1-7d55-i915-tool-generated.json
   1958 be/4 root        7.84 K/s   15.68 K/s ?unavailable?  dockerd -H fd:// --containerd=/run/containerd/containerd.sock
   1413 be/4 root     1630.72 K/s    0.00 B/s ?unavailable?  BESClient
   3892 be/4 ubuntu     44.88 M/s    0.00 B/s ?unavailable?  python3 -m uvicorn main:app --host 0.0.0.0 --port 8010
   3902 be/4 ubuntu     57.93 M/s    0.00 B/s ?unavailable?  python3 -m uvicorn main:app --host 0.0.0.0 --port 8020
Total DISK READ:      1053.89 M/s | Total DISK WRITE:         7.85 K/s
Current DISK READ:    1050.72 M/s | Current DISK WRITE:       0.00 B/s
    PID  PRIO  USER     DISK READ  DISK WRITE  SWAPIN      IO    COMMAND
   1958 be/4 root        0.00 B/s    3.92 K/s ?unavailable?  dockerd -H fd:// --containerd=/run/containerd/containerd.sock
   4428 be/4 root        0.00 B/s    3.92 K/s ?unavailable?  python3 /usr/sbin/iotop -o -P -b
   1413 be/4 root      502.28 K/s    0.00 B/s ?unavailable?  BESClient
   3892 be/4 ubuntu     44.43 M/s    0.00 B/s ?unavailable?  python3 -m uvicorn main:app --host 0.0.0.0 --port 8010
   3902 be/4 ubuntu   1008.97 M/s    0.00 B/s ?unavailable?  python3 -m uvicorn main:app --host 0.0.0.0 --port 8020
Total DISK READ:       383.45 M/s | Total DISK WRITE:        27.34 K/s
Current DISK READ:     389.55 M/s | Current DISK WRITE:       0.00 B/s
    PID  PRIO  USER     DISK READ  DISK WRITE  SWAPIN      IO    COMMAND
   4492 be/4 root        0.00 B/s   19.53 K/s ?unavailable?  qmassa -d 0000:00:02.0,vendor=8086,device=7d55,card=1,driver=i915 -g -x -t /tmp/results/qmassa1-7d55-i915-tool-generated.json
   3753 be/4 root        0.00 B/s    3.91 K/s ?unavailable?  containerd-shim-runc-v2 -namespace moby -id 1494e8bb3d9b8f2beb4ed1bb03c8840d4228228c1287287efa32035645da46af -address /run/containerd/containerd.sock
   1413 be/4 root      374.96 K/s    0.00 B/s ?unavailable?  BESClient
   3747 be/4 root        0.00 B/s    0.00 B/s ?unavailable?  containerd-shim-runc-v2 -namespace moby -id 72533effffea1be4e88b3aadbe33ab66485907a5434e72c8309e5e6032358693 -address /run/containerd/containerd.sock
   3902 be/4 ubuntu    383.08 M/s    0.00 B/s ?unavailable?  python3 -m uvicorn main:app --host 0.0.0.0 --port 8020
Total DISK READ:      1188.56 M/s | Total DISK WRITE:        27.46 K/s
Current DISK READ:       2.01 G/s | Current DISK WRITE:       0.00 B/s
    PID  PRIO  USER     DISK READ  DISK WRITE  SWAPIN      IO    COMMAND
   4492 be/4 root        0.00 B/s   27.46 K/s ?unavailable?  qmassa -d 0000:00:02.0,vendor=8086,device=7d55,card=1,driver=i915 -g -x -t /tmp/results/qmassa1-7d55-i915-tool-generated.json
   1413 be/4 root     1883.23 K/s    0.00 B/s ?unavailable?  BESClient
   3892 be/4 ubuntu    149.09 K/s    0.00 B/s ?unavailable?  python3 -m uvicorn main:app --host 0.0.0.0 --port 8010
   3902 be/4 ubuntu   1186.58 M/s    0.00 B/s ?unavailable?  python3 -m uvicorn main:app --host 0.0.0.0 --port 8020
   3753 be/4 root        0.00 B/s    0.00 B/s ?unavailable?  containerd-shim-runc-v2 -namespace moby -id 1494e8bb3d9b8f2beb4ed1bb03c8840d4228228c1287287efa32035645da46af -address /run/containerd/containerd.sock
Total DISK READ:      1480.70 M/s | Total DISK WRITE:        15.73 K/s
Current DISK READ:    1482.52 M/s | Current DISK WRITE:      70.80 K/s
    PID  PRIO  USER     DISK READ  DISK WRITE  SWAPIN      IO    COMMAND
    432 be/3 root        0.00 B/s   15.73 K/s ?unavailable?  [jbd2/nvme0n1p2-8]
   1413 be/4 root      503.50 K/s    0.00 B/s ?unavailable?  BESClient
   3902 be/4 ubuntu   1480.21 M/s    0.00 B/s ?unavailable?  python3 -m uvicorn main:app --host 0.0.0.0 --port 8020
Total DISK READ:      1353.00 M/s | Total DISK WRITE:        23.25 K/s
Current DISK READ:    1349.13 M/s | Current DISK WRITE:       5.84 M/s
    PID  PRIO  USER     DISK READ  DISK WRITE  SWAPIN      IO    COMMAND
   4492 be/4 root        0.00 B/s   23.25 K/s ?unavailable?  qmassa -d 0000:00:02.0,vendor=8086,device=7d55,card=1,driver=i915 -g -x -t /tmp/results/qmassa1-7d55-i915-tool-generated.json
   1413 be/4 root      248.03 K/s    0.00 B/s ?unavailable?  BESClient
   3902 be/4 ubuntu   1352.76 M/s    0.00 B/s ?unavailable?  python3 -m uvicorn main:app --host 0.0.0.0 --port 8020
Total DISK READ:      1231.34 M/s | Total DISK WRITE:      1517.40 K/s
Current DISK READ:    1232.68 M/s | Current DISK WRITE:       8.14 M/s
    PID  PRIO  USER     DISK READ  DISK WRITE  SWAPIN      IO    COMMAND
    483 be/3 root        0.00 B/s 1470.71 K/s ?unavailable?  systemd-journald
   4492 be/4 root        0.00 B/s   31.13 K/s ?unavailable?  qmassa -d 0000:00:02.0,vendor=8086,device=7d55,card=1,driver=i915 -g -x -t /tmp/results/qmassa1-7d55-i915-tool-generated.json
   1271 be/4 102         0.00 B/s    3.89 K/s ?unavailable?  rsyslogd -n -iNONE
   4428 be/4 root        0.00 B/s    3.89 K/s ?unavailable?  python3 /usr/sbin/iotop -o -P -b
   1413 be/4 root      782.05 K/s    0.00 B/s ?unavailable?  BESClient
   3752 be/4 root        0.00 B/s    0.00 B/s ?unavailable?  containerd-shim-runc-v2 -namespace moby -id 7eee4cec281aa49c0bc35c930cdaef81d954d6b39a02217e3799360a8e21c55d -address /run/containerd/containerd.sock
   3902 be/4 ubuntu   1230.58 M/s    0.00 B/s ?unavailable?  python3 -m uvicorn main:app --host 0.0.0.0 --port 8020
Total DISK READ:      1162.72 M/s | Total DISK WRITE:        34.92 K/s
Current DISK READ:    1157.50 M/s | Current DISK WRITE:      31.04 K/s
    PID  PRIO  USER     DISK READ  DISK WRITE  SWAPIN      IO    COMMAND
   4492 be/4 root        0.00 B/s   31.04 K/s ?unavailable?  qmassa -d 0000:00:02.0,vendor=8086,device=7d55,card=1,driver=i915 -g -x -t /tmp/results/qmassa1-7d55-i915-tool-generated.json
   1413 be/4 root      721.65 K/s    0.00 B/s ?unavailable?  BESClient
   3747 be/4 root        0.00 B/s    0.00 B/s ?unavailable?  containerd-shim-runc-v2 -namespace moby -id 72533effffea1be4e88b3aadbe33ab66485907a5434e72c8309e5e6032358693 -address /run/containerd/containerd.sock
   3902 be/4 ubuntu   1162.01 M/s    0.00 B/s ?unavailable?  python3 -m uvicorn main:app --host 0.0.0.0 --port 8020
Total DISK READ:       405.93 M/s | Total DISK WRITE:       332.03 K/s
Current DISK READ:     419.86 M/s | Current DISK WRITE:     386.72 K/s
    PID  PRIO  USER     DISK READ  DISK WRITE  SWAPIN      IO    COMMAND
    432 be/3 root        0.00 B/s  328.13 K/s ?unavailable?  [jbd2/nvme0n1p2-8]
   4425 be/4 root        0.00 B/s    3.91 K/s ?unavailable?  free -s 1
   1413 be/4 root       62.50 K/s    0.00 B/s ?unavailable?  BESClient
   3902 be/4 ubuntu    405.87 M/s    0.00 B/s ?unavailable?  python3 -m uvicorn main:app --host 0.0.0.0 --port 8020
Total DISK READ:      1480.67 M/s | Total DISK WRITE:        35.15 K/s
Current DISK READ:    1472.44 M/s | Current DISK WRITE:       0.00 B/s
    PID  PRIO  USER     DISK READ  DISK WRITE  SWAPIN      IO    COMMAND
   4492 be/4 root        0.00 B/s   35.15 K/s ?unavailable?  qmassa -d 0000:00:02.0,vendor=8086,device=7d55,card=1,driver=i915 -g -x -t /tmp/results/qmassa1-7d55-i915-tool-generated.json
   1413 be/4 root      335.90 K/s    0.00 B/s ?unavailable?  BESClient
   3902 be/4 ubuntu   1480.10 M/s    0.00 B/s ?unavailable?  python3 -m uvicorn main:app --host 0.0.0.0 --port 8020
   5064 be/4 root      253.88 K/s    0.00 B/s ?unavailable?  XBESClientUI
Total DISK READ:        11.84 M/s | Total DISK WRITE:         2.86 M/s
Current DISK READ:      18.73 M/s | Current DISK WRITE:    1612.89 K/s
    PID  PRIO  USER     DISK READ  DISK WRITE  SWAPIN      IO    COMMAND
    483 be/3 root        0.00 B/s    2.82 M/s ?unavailable?  systemd-journald
   4492 be/4 root        0.00 B/s   39.05 K/s ?unavailable?  qmassa -d 0000:00:02.0,vendor=8086,device=7d55,card=1,driver=i915 -g -x -t /tmp/results/qmassa1-7d55-i915-tool-generated.json
   1271 be/4 102         0.00 B/s    3.91 K/s ?unavailable?  rsyslogd -n -iNONE
   1831 ?dif ubuntu     42.96 K/s    0.00 B/s ?unavailable?  gnome-shell
   2104 be/4 ubuntu     11.72 K/s    0.00 B/s ?unavailable?  gsd-power
   3902 be/4 ubuntu      9.25 M/s    0.00 B/s ?unavailable?  python3 -m uvicorn main:app --host 0.0.0.0 --port 8020
   4386 be/4 ubuntu     15.62 K/s    0.00 B/s ?unavailable?  gnome-terminal-server
   5092 ?dif ubuntu      2.52 M/s    0.00 B/s ?unavailable?  Xwayland :0 -rootless -noreset -accessx -core -auth /run/user/1000/.mutter-Xwaylandauth.OYXVR3 -listenfd 4 -listenfd 5 -displayfd 6 -initfd 7 -byteswappedclients
Total DISK READ:         0.00 B/s | Total DISK WRITE:        31.42 K/s
Current DISK READ:       0.00 B/s | Current DISK WRITE:      15.71 K/s
    PID  PRIO  USER     DISK READ  DISK WRITE  SWAPIN      IO    COMMAND
   1413 be/4 root        0.00 B/s   27.49 K/s ?unavailable?  BESClient
   4428 be/4 root        0.00 B/s    3.93 K/s ?unavailable?  python3 /usr/sbin/iotop -o -P -b
Total DISK READ:       734.53 K/s | Total DISK WRITE:        51.06 K/s
Current DISK READ:     738.46 K/s | Current DISK WRITE:     365.30 K/s
    PID  PRIO  USER     DISK READ  DISK WRITE  SWAPIN      IO    COMMAND
   4492 be/4 root        0.00 B/s   43.21 K/s ?unavailable?  qmassa -d 0000:00:02.0,vendor=8086,device=7d55,card=1,driver=i915 -g -x -t /tmp/results/qmassa1-7d55-i915-tool-generated.json
   1413 be/4 root      526.35 K/s    0.00 B/s ?unavailable?  BESClient
   3747 be/4 root        0.00 B/s    0.00 B/s ?unavailable?  containerd-shim-runc-v2 -namespace moby -id 72533effffea1be4e88b3aadbe33ab66485907a5434e72c8309e5e6032358693 -address /run/containerd/containerd.sock
   3748 be/4 root        0.00 B/s    0.00 B/s ?unavailable?  containerd-shim-runc-v2 -namespace moby -id 5d830ab4408b4429f96aef189bcc994148a99045ccb54fb33f77c1b249013749 -address /run/containerd/containerd.sock
   3902 be/4 ubuntu    208.18 K/s    0.00 B/s ?unavailable?  python3 -m uvicorn main:app --host 0.0.0.0 --port 8020
Total DISK READ:       215.94 K/s | Total DISK WRITE:       412.24 K/s
Current DISK READ:     215.94 K/s | Current DISK WRITE:     486.84 K/s
    PID  PRIO  USER     DISK READ  DISK WRITE  SWAPIN      IO    COMMAND
    432 be/3 root        0.00 B/s  365.13 K/s ?unavailable?  [jbd2/nvme0n1p2-8]
   4492 be/4 root        0.00 B/s   47.11 K/s ?unavailable?  qmassa -d 0000:00:02.0,vendor=8086,device=7d55,card=1,driver=i915 -g -x -t /tmp/results/qmassa1-7d55-i915-tool-generated.json
   1413 be/4 root      215.94 K/s    0.00 B/s ?unavailable?  BESClient
Total DISK READ:        74.69 K/s | Total DISK WRITE:         3.93 K/s
Current DISK READ:      74.69 K/s | Current DISK WRITE:       0.00 B/s
    PID  PRIO  USER     DISK READ  DISK WRITE  SWAPIN      IO    COMMAND
   1413 be/4 root       74.69 K/s    3.93 K/s ?unavailable?  BESClient
Total DISK READ:       612.75 K/s | Total DISK WRITE:        47.13 K/s
Current DISK READ:     612.75 K/s | Current DISK WRITE:      47.13 K/s
    PID  PRIO  USER     DISK READ  DISK WRITE  SWAPIN      IO    COMMAND
   4492 be/4 root        0.00 B/s   47.13 K/s ?unavailable?  qmassa -d 0000:00:02.0,vendor=8086,device=7d55,card=1,driver=i915 -g -x -t /tmp/results/qmassa1-7d55-i915-tool-generated.json
   1413 be/4 root      612.75 K/s    0.00 B/s ?unavailable?  BESClient
Total DISK READ:       451.93 K/s | Total DISK WRITE:        55.02 K/s
Current DISK READ:     451.93 K/s | Current DISK WRITE:       0.00 B/s
    PID  PRIO  USER     DISK READ  DISK WRITE  SWAPIN      IO    COMMAND
   4492 be/4 root        0.00 B/s   51.09 K/s ?unavailable?  qmassa -d 0000:00:02.0,vendor=8086,device=7d55,card=1,driver=i915 -g -x -t /tmp/results/qmassa1-7d55-i915-tool-generated.json
   1413 be/4 root      451.93 K/s    0.00 B/s ?unavailable?  BESClient
   3752 be/4 root        0.00 B/s    0.00 B/s ?unavailable?  containerd-shim-runc-v2 -namespace moby -id 7eee4cec281aa49c0bc35c930cdaef81d954d6b39a02217e3799360a8e21c55d -address /run/containerd/containerd.sock
Total DISK READ:       369.49 K/s | Total DISK WRITE:         7.86 K/s
Current DISK READ:     369.49 K/s | Current DISK WRITE:       0.00 B/s
    PID  PRIO  USER     DISK READ  DISK WRITE  SWAPIN      IO    COMMAND
   1413 be/4 root      369.49 K/s    0.00 B/s ?unavailable?  BESClient
   3753 be/4 root        0.00 B/s    0.00 B/s ?unavailable?  containerd-shim-runc-v2 -namespace moby -id 1494e8bb3d9b8f2beb4ed1bb03c8840d4228228c1287287efa32035645da46af -address /run/containerd/containerd.sock
Total DISK READ:         0.00 B/s | Total DISK WRITE:        58.89 K/s
Current DISK READ:       0.00 B/s | Current DISK WRITE:       0.00 B/s
    PID  PRIO  USER     DISK READ  DISK WRITE  SWAPIN      IO    COMMAND
   4492 be/4 root        0.00 B/s   54.96 K/s ?unavailable?  qmassa -d 0000:00:02.0,vendor=8086,device=7d55,card=1,driver=i915 -g -x -t /tmp/results/qmassa1-7d55-i915-tool-generated.json
   4428 be/4 root        0.00 B/s    3.93 K/s ?unavailable?  python3 /usr/sbin/iotop -o -P -b
Total DISK READ:        31.43 K/s | Total DISK WRITE:       349.70 K/s
Current DISK READ:      31.43 K/s | Current DISK WRITE:     113.95 K/s
    PID  PRIO  USER     DISK READ  DISK WRITE  SWAPIN      IO    COMMAND
    483 be/3 root        0.00 B/s  251.47 K/s ?unavailable?  systemd-journald
   4492 be/4 root        0.00 B/s   58.94 K/s ?unavailable?  qmassa -d 0000:00:02.0,vendor=8086,device=7d55,card=1,driver=i915 -g -x -t /tmp/results/qmassa1-7d55-i915-tool-generated.json
    432 be/3 root        0.00 B/s   35.36 K/s ?unavailable?  [jbd2/nvme0n1p2-8]
   1958 be/4 root        0.00 B/s    3.93 K/s ?unavailable?  dockerd -H fd:// --containerd=/run/containerd/containerd.sock
   1413 be/4 root       31.43 K/s    0.00 B/s ?unavailable?  BESClient
Total DISK READ:        15.71 K/s | Total DISK WRITE:         0.00 B/s
Current DISK READ:      15.71 K/s | Current DISK WRITE:      58.92 K/s
    PID  PRIO  USER     DISK READ  DISK WRITE  SWAPIN      IO    COMMAND
   1413 be/4 root       15.71 K/s    0.00 B/s ?unavailable?  BESClient
Total DISK READ:        70.72 K/s | Total DISK WRITE:        62.86 K/s
Current DISK READ:      70.72 K/s | Current DISK WRITE:      78.58 K/s
    PID  PRIO  USER     DISK READ  DISK WRITE  SWAPIN      IO    COMMAND
   4492 be/4 root        0.00 B/s   62.86 K/s ?unavailable?  qmassa -d 0000:00:02.0,vendor=8086,device=7d55,card=1,driver=i915 -g -x -t /tmp/results/qmassa1-7d55-i915-tool-generated.json
   1413 be/4 root       70.72 K/s    0.00 B/s ?unavailable?  BESClient
Total DISK READ:        70.70 K/s | Total DISK WRITE:        70.70 K/s
Current DISK READ:      70.70 K/s | Current DISK WRITE:      15.71 K/s
    PID  PRIO  USER     DISK READ  DISK WRITE  SWAPIN      IO    COMMAND
   4492 be/4 root        0.00 B/s   62.85 K/s ?unavailable?  qmassa -d 0000:00:02.0,vendor=8086,device=7d55,card=1,driver=i915 -g -x -t /tmp/results/qmassa1-7d55-i915-tool-generated.json
   1413 be/4 root       70.70 K/s    3.93 K/s ?unavailable?  BESClient
   3749 be/4 root        0.00 B/s    0.00 B/s ?unavailable?  containerd-shim-runc-v2 -namespace moby -id 54de4e4748676a0311e66a78041eb928289f876adce220486258fdf76fb5c36d -address /run/containerd/containerd.sock
Total DISK READ:       161.26 K/s | Total DISK WRITE:         0.00 B/s
Current DISK READ:     161.26 K/s | Current DISK WRITE:    1089.47 K/s
    PID  PRIO  USER     DISK READ  DISK WRITE  SWAPIN      IO    COMMAND
   1413 be/4 root      125.86 K/s    0.00 B/s ?unavailable?  BESClient
   1831 ?dif ubuntu     35.40 K/s    0.00 B/s ?unavailable?  gnome-shell
Total DISK READ:         0.00 B/s | Total DISK WRITE:       169.12 K/s
Current DISK READ:      31.46 K/s | Current DISK WRITE:     192.72 K/s
    PID  PRIO  USER     DISK READ  DISK WRITE  SWAPIN      IO    COMMAND
    483 be/3 root        0.00 B/s   78.66 K/s ?unavailable?  systemd-journald
   4492 be/4 root        0.00 B/s   74.73 K/s ?unavailable?  qmassa -d 0000:00:02.0,vendor=8086,device=7d55,card=1,driver=i915 -g -x -t /tmp/results/qmassa1-7d55-i915-tool-generated.json
   3083 be/4 ubuntu      0.00 B/s    3.93 K/s ?unavailable?  gvfsd-metadata
   4422 be/4 root        0.00 B/s    3.93 K/s ?unavailable?  sar 1
   4425 be/4 root        0.00 B/s    3.93 K/s ?unavailable?  free -s 1
   4428 be/4 root        0.00 B/s    3.93 K/s ?unavailable?  python3 /usr/sbin/iotop -o -P -b
Total DISK READ:       334.05 K/s | Total DISK WRITE:       121.83 K/s
Current DISK READ:     334.05 K/s | Current DISK WRITE:       0.00 B/s
    PID  PRIO  USER     DISK READ  DISK WRITE  SWAPIN      IO    COMMAND
   4492 be/4 root        0.00 B/s   70.74 K/s ?unavailable?  qmassa -d 0000:00:02.0,vendor=8086,device=7d55,card=1,driver=i915 -g -x -t /tmp/results/qmassa1-7d55-i915-tool-generated.json
    432 be/3 root        0.00 B/s   43.23 K/s ?unavailable?  [jbd2/nvme0n1p2-8]
   4436 be/4 root        0.00 B/s    7.86 K/s ?unavailable?  pcm 1 -silent -r -nc -nsys -csv=/tmp/results/pcm.csv
   1413 be/4 root      125.76 K/s    0.00 B/s ?unavailable?  BESClient
   5244 be/4 ubuntu    208.29 K/s    0.00 B/s ?unavailable?  update-notifier
Total DISK READ:       176.91 K/s | Total DISK WRITE:         7.86 K/s
Current DISK READ:     176.91 K/s | Current DISK WRITE:       3.93 K/s
    PID  PRIO  USER     DISK READ  DISK WRITE  SWAPIN      IO    COMMAND
   4428 be/4 root        0.00 B/s    3.93 K/s ?unavailable?  python3 /usr/sbin/iotop -o -P -b
   1413 be/4 root       78.63 K/s    0.00 B/s ?unavailable?  BESClient
   3752 be/4 root        0.00 B/s    0.00 B/s ?unavailable?  containerd-shim-runc-v2 -namespace moby -id 7eee4cec281aa49c0bc35c930cdaef81d954d6b39a02217e3799360a8e21c55d -address /run/containerd/containerd.sock
   5244 be/4 ubuntu     98.28 K/s    0.00 B/s ?unavailable?  update-notifier
Total DISK READ:       251.93 K/s | Total DISK WRITE:        90.54 K/s
Current DISK READ:     267.67 K/s | Current DISK WRITE:      98.41 K/s
    PID  PRIO  USER     DISK READ  DISK WRITE  SWAPIN      IO    COMMAND
   4492 be/4 root       15.75 K/s   74.79 K/s ?unavailable?  qmassa -d 0000:00:02.0,vendor=8086,device=7d55,card=1,driver=i915 -g -x -t /tmp/results/qmassa1-7d55-i915-tool-generated.json
   1413 be/4 root       90.54 K/s    3.94 K/s ?unavailable?  BESClient
   1958 be/4 root        0.00 B/s    3.94 K/s ?unavailable?  dockerd -H fd:// --containerd=/run/containerd/containerd.sock
   3747 be/4 root        0.00 B/s    0.00 B/s ?unavailable?  containerd-shim-runc-v2 -namespace moby -id 72533effffea1be4e88b3aadbe33ab66485907a5434e72c8309e5e6032358693 -address /run/containerd/containerd.sock
   3748 be/4 root        0.00 B/s    0.00 B/s ?unavailable?  containerd-shim-runc-v2 -namespace moby -id 5d830ab4408b4429f96aef189bcc994148a99045ccb54fb33f77c1b249013749 -address /run/containerd/containerd.sock
   5244 be/4 ubuntu    145.65 K/s    0.00 B/s ?unavailable?  update-notifier
Total DISK READ:       110.04 K/s | Total DISK WRITE:         3.93 K/s
Current DISK READ:     113.97 K/s | Current DISK WRITE:     157.20 K/s
    PID  PRIO  USER     DISK READ  DISK WRITE  SWAPIN      IO    COMMAND
   4425 be/4 root        0.00 B/s    3.93 K/s ?unavailable?  free -s 1
   1413 be/4 root       98.25 K/s    0.00 B/s ?unavailable?  BESClient
   5244 be/4 ubuntu     11.79 K/s    0.00 B/s ?unavailable?  update-notifier
Total DISK READ:       117.36 K/s | Total DISK WRITE:       113.81 K/s
Current DISK READ:     167.16 K/s | Current DISK WRITE:       7.11 K/s
    PID  PRIO  USER     DISK READ  DISK WRITE  SWAPIN      IO    COMMAND
   4492 be/4 root        0.00 B/s   71.13 K/s ?unavailable?  qmassa -d 0000:00:02.0,vendor=8086,device=7d55,card=1,driver=i915 -g -x -t /tmp/results/qmassa1-7d55-i915-tool-generated.json
    432 be/3 root        0.00 B/s   42.68 K/s ?unavailable?  [jbd2/nvme0n1p2-8]
   1413 be/4 root      113.81 K/s    0.00 B/s ?unavailable?  BESClient
   5244 be/4 ubuntu      3.56 K/s    0.00 B/s ?unavailable?  update-notifier
Total DISK READ:        47.28 K/s | Total DISK WRITE:      1343.65 K/s
Current DISK READ:      47.28 K/s | Current DISK WRITE:       0.00 B/s
    PID  PRIO  USER     DISK READ  DISK WRITE  SWAPIN      IO    COMMAND
    483 be/3 root        0.00 B/s 1260.90 K/s ?unavailable?  systemd-journald
   4492 be/4 root        0.00 B/s   78.81 K/s ?unavailable?  qmassa -d 0000:00:02.0,vendor=8086,device=7d55,card=1,driver=i915 -g -x -t /tmp/results/qmassa1-7d55-i915-tool-generated.json
   1271 be/4 102         0.00 B/s    3.94 K/s ?unavailable?  rsyslogd -n -iNONE
   5331 idle ubuntu     47.28 K/s    0.00 B/s ?unavailable?  python3 /usr/lib/update-notifier/apt-check
Total DISK READ:       844.90 K/s | Total DISK WRITE:        15.72 K/s
Current DISK READ:     844.90 K/s | Current DISK WRITE:       0.00 B/s
    PID  PRIO  USER     DISK READ  DISK WRITE  SWAPIN      IO    COMMAND
   4492 be/4 root        0.00 B/s   15.72 K/s ?unavailable?  qmassa -d 0000:00:02.0,vendor=8086,device=7d55,card=1,driver=i915 -g -x -t /tmp/results/qmassa1-7d55-i915-tool-generated.json
   1413 be/4 root       86.46 K/s    0.00 B/s ?unavailable?  BESClient
   5331 idle ubuntu    758.45 K/s    0.00 B/s ?unavailable?  python3 /usr/lib/update-notifier/apt-check
Total DISK READ:      1199.10 K/s | Total DISK WRITE:        82.56 K/s
Current DISK READ:    1199.10 K/s | Current DISK WRITE:       0.00 B/s
    PID  PRIO  USER     DISK READ  DISK WRITE  SWAPIN      IO    COMMAND
   4492 be/4 root        0.00 B/s   66.83 K/s ?unavailable?  qmassa -d 0000:00:02.0,vendor=8086,device=7d55,card=1,driver=i915 -g -x -t /tmp/results/qmassa1-7d55-i915-tool-generated.json
   1413 be/4 root       66.83 K/s    3.93 K/s ?unavailable?  BESClient
   1958 be/4 root        0.00 B/s    3.93 K/s ?unavailable?  dockerd -H fd:// --containerd=/run/containerd/containerd.sock
   4428 be/4 root        0.00 B/s    3.93 K/s ?unavailable?  python3 /usr/sbin/iotop -o -P -b
   3753 be/4 root        0.00 B/s    0.00 B/s ?unavailable?  containerd-shim-runc-v2 -namespace moby -id 1494e8bb3d9b8f2beb4ed1bb03c8840d4228228c1287287efa32035645da46af -address /run/containerd/containerd.sock
   5331 idle ubuntu   1132.26 K/s    0.00 B/s ?unavailable?  python3 /usr/lib/update-notifier/apt-check
Total DISK READ:      1272.75 K/s | Total DISK WRITE:        94.28 K/s
Current DISK READ:    1272.75 K/s | Current DISK WRITE:     149.27 K/s
    PID  PRIO  USER     DISK READ  DISK WRITE  SWAPIN      IO    COMMAND
   4492 be/4 root        0.00 B/s   90.35 K/s ?unavailable?  qmassa -d 0000:00:02.0,vendor=8086,device=7d55,card=1,driver=i915 -g -x -t /tmp/results/qmassa1-7d55-i915-tool-generated.json
   1958 be/4 root        0.00 B/s    3.93 K/s ?unavailable?  dockerd -H fd:// --containerd=/run/containerd/containerd.sock
   1413 be/4 root       15.71 K/s    0.00 B/s ?unavailable?  BESClient
   5331 idle ubuntu   1257.03 K/s    0.00 B/s ?unavailable?  python3 /usr/lib/update-notifier/apt-check
Total DISK READ:      1114.46 K/s | Total DISK WRITE:       102.87 K/s
Current DISK READ:    1114.46 K/s | Current DISK WRITE:       3.43 K/s
    PID  PRIO  USER     DISK READ  DISK WRITE  SWAPIN      IO    COMMAND
   4492 be/4 root        0.00 B/s   78.87 K/s ?unavailable?  qmassa -d 0000:00:02.0,vendor=8086,device=7d55,card=1,driver=i915 -g -x -t /tmp/results/qmassa1-7d55-i915-tool-generated.json
    432 be/3 root        0.00 B/s   24.00 K/s ?unavailable?  [jbd2/nvme0n1p2-8]
   1413 be/4 root       17.15 K/s    0.00 B/s ?unavailable?  BESClient
   5331 idle ubuntu   1097.31 K/s    0.00 B/s ?unavailable?  python3 /usr/lib/update-notifier/apt-check
Total DISK READ:      2041.26 K/s | Total DISK WRITE:         0.00 B/s
Current DISK READ:    2041.26 K/s | Current DISK WRITE:       0.00 B/s
    PID  PRIO  USER     DISK READ  DISK WRITE  SWAPIN      IO    COMMAND
   1413 be/4 root       31.40 K/s    0.00 B/s ?unavailable?  BESClient
   5331 idle ubuntu   2009.86 K/s    0.00 B/s ?unavailable?  python3 /usr/lib/update-notifier/apt-check
Total DISK READ:         2.35 M/s | Total DISK WRITE:        94.28 K/s
Current DISK READ:       2.35 M/s | Current DISK WRITE:    1276.68 K/s
    PID  PRIO  USER     DISK READ  DISK WRITE  SWAPIN      IO    COMMAND
   4492 be/4 root        0.00 B/s   90.35 K/s ?unavailable?  qmassa -d 0000:00:02.0,vendor=8086,device=7d55,card=1,driver=i915 -g -x -t /tmp/results/qmassa1-7d55-i915-tool-generated.json
   1413 be/4 root       19.64 K/s    0.00 B/s ?unavailable?  BESClient
   3752 be/4 root        0.00 B/s    0.00 B/s ?unavailable?  containerd-shim-runc-v2 -namespace moby -id 7eee4cec281aa49c0bc35c930cdaef81d954d6b39a02217e3799360a8e21c55d -address /run/containerd/containerd.sock
   5331 idle ubuntu      2.33 M/s    0.00 B/s ?unavailable?  python3 /usr/lib/update-notifier/apt-check
Total DISK READ:      1269.64 K/s | Total DISK WRITE:        98.27 K/s
Current DISK READ:    1269.64 K/s | Current DISK WRITE:     628.92 K/s
    PID  PRIO  USER     DISK READ  DISK WRITE  SWAPIN      IO    COMMAND
   4492 be/4 root        0.00 B/s   98.27 K/s ?unavailable?  qmassa -d 0000:00:02.0,vendor=8086,device=7d55,card=1,driver=i915 -g -x -t /tmp/results/qmassa1-7d55-i915-tool-generated.json
   1413 be/4 root       11.79 K/s    0.00 B/s ?unavailable?  BESClient
   5331 idle ubuntu   1257.85 K/s    0.00 B/s ?unavailable?  python3 /usr/lib/update-notifier/apt-check
Total DISK READ:      1528.09 K/s | Total DISK WRITE:         7.86 K/s
Current DISK READ:    1528.09 K/s | Current DISK WRITE:    1103.84 K/s
    PID  PRIO  USER     DISK READ  DISK WRITE  SWAPIN      IO    COMMAND
   4422 be/4 root        0.00 B/s    3.93 K/s ?unavailable?  sar 1
   4428 be/4 root        0.00 B/s    3.93 K/s ?unavailable?  python3 /usr/sbin/iotop -o -P -b
   1413 be/4 root       19.64 K/s    0.00 B/s ?unavailable?  BESClient
   5331 idle ubuntu   1508.45 K/s    0.00 B/s ?unavailable?  python3 /usr/lib/update-notifier/apt-check
Total DISK READ:      1284.21 K/s | Total DISK WRITE:       102.11 K/s
Current DISK READ:    1331.33 K/s | Current DISK WRITE:      58.91 K/s
    PID  PRIO  USER     DISK READ  DISK WRITE  SWAPIN      IO    COMMAND
   4492 be/4 root        0.00 B/s   98.18 K/s ?unavailable?  qmassa -d 0000:00:02.0,vendor=8086,device=7d55,card=1,driver=i915 -g -x -t /tmp/results/qmassa1-7d55-i915-tool-generated.json
    432 be/3 root        0.00 B/s    3.93 K/s ?unavailable?  [jbd2/nvme0n1p2-8]
   1413 be/4 root       27.49 K/s    0.00 B/s ?unavailable?  BESClient
   5331 idle ubuntu   1256.72 K/s    0.00 B/s ?unavailable?  python3 /usr/lib/update-notifier/apt-check
Total DISK READ:      1099.54 K/s | Total DISK WRITE:       106.03 K/s
Current DISK READ:    1052.42 K/s | Current DISK WRITE:     502.65 K/s
    PID  PRIO  USER     DISK READ  DISK WRITE  SWAPIN      IO    COMMAND
   4492 be/4 root        0.00 B/s  106.03 K/s ?unavailable?  qmassa -d 0000:00:02.0,vendor=8086,device=7d55,card=1,driver=i915 -g -x -t /tmp/results/qmassa1-7d55-i915-tool-generated.json
   1413 be/4 root      345.57 K/s    0.00 B/s ?unavailable?  BESClient
   5331 idle ubuntu    753.97 K/s    0.00 B/s ?unavailable?  python3 /usr/lib/update-notifier/apt-check
Total DISK READ:      1021.42 K/s | Total DISK WRITE:         3.93 K/s
Current DISK READ:    1021.42 K/s | Current DISK WRITE:     377.14 K/s
    PID  PRIO  USER     DISK READ  DISK WRITE  SWAPIN      IO    COMMAND
   1413 be/4 root       15.71 K/s    0.00 B/s ?unavailable?  BESClient
   3748 be/4 root        0.00 B/s    0.00 B/s ?unavailable?  containerd-shim-runc-v2 -namespace moby -id 5d830ab4408b4429f96aef189bcc994148a99045ccb54fb33f77c1b249013749 -address /run/containerd/containerd.sock
   5331 idle ubuntu   1005.71 K/s    0.00 B/s ?unavailable?  python3 /usr/lib/update-notifier/apt-check
Total DISK READ:       989.86 K/s | Total DISK WRITE:       121.77 K/s
Current DISK READ:     989.86 K/s | Current DISK WRITE:    1033.07 K/s
    PID  PRIO  USER     DISK READ  DISK WRITE  SWAPIN      IO    COMMAND
   4492 be/4 root        0.00 B/s  109.98 K/s ?unavailable?  qmassa -d 0000:00:02.0,vendor=8086,device=7d55,card=1,driver=i915 -g -x -t /tmp/results/qmassa1-7d55-i915-tool-generated.json
   1958 be/4 root        0.00 B/s    3.93 K/s ?unavailable?  dockerd -H fd:// --containerd=/run/containerd/containerd.sock
   4422 be/4 root        0.00 B/s    3.93 K/s ?unavailable?  sar 1
   1413 be/4 root      235.68 K/s    0.00 B/s ?unavailable?  BESClient
   3747 be/4 root        0.00 B/s    0.00 B/s ?unavailable?  containerd-shim-runc-v2 -namespace moby -id 72533effffea1be4e88b3aadbe33ab66485907a5434e72c8309e5e6032358693 -address /run/containerd/containerd.sock
   5331 idle ubuntu    754.18 K/s    0.00 B/s ?unavailable?  python3 /usr/lib/update-notifier/apt-check
Total DISK READ:      1348.15 K/s | Total DISK WRITE:       113.65 K/s
Current DISK READ:    1348.15 K/s | Current DISK WRITE:      15.68 K/s
    PID  PRIO  USER     DISK READ  DISK WRITE  SWAPIN      IO    COMMAND
   4492 be/4 root        0.00 B/s  109.73 K/s ?unavailable?  qmassa -d 0000:00:02.0,vendor=8086,device=7d55,card=1,driver=i915 -g -x -t /tmp/results/qmassa1-7d55-i915-tool-generated.json
   4425 be/4 root        0.00 B/s    3.92 K/s ?unavailable?  free -s 1
   1413 be/4 root      376.23 K/s    0.00 B/s ?unavailable?  BESClient
   1616 be/4 ubuntu    125.41 K/s    0.00 B/s ?unavailable?  gnome-keyring-daemon --foreground --components=pkcs11,secrets --control-directory=/run/user/1000/keyring
   1743 ?dif ubuntu     15.68 K/s    0.00 B/s ?unavailable?  gnome-remote-desktop-daemon
   3922 be/4 root       78.38 K/s    0.00 B/s ?unavailable?  python3 /app/app.py
   5331 idle ubuntu    752.46 K/s    0.00 B/s ?unavailable?  python3 /usr/lib/update-notifier/apt-check
Total DISK READ:      1365.90 K/s | Total DISK WRITE:        82.42 K/s
Current DISK READ:    1365.90 K/s | Current DISK WRITE:    1055.82 K/s
    PID  PRIO  USER     DISK READ  DISK WRITE  SWAPIN      IO    COMMAND
    432 be/3 root        0.00 B/s   74.57 K/s ?unavailable?  [jbd2/nvme0n1p2-8]
   1958 be/4 root        0.00 B/s    3.92 K/s ?unavailable?  dockerd -H fd:// --containerd=/run/containerd/containerd.sock
   4428 be/4 root        0.00 B/s    3.92 K/s ?unavailable?  python3 /usr/sbin/iotop -o -P -b
   1743 ?dif ubuntu    361.10 K/s    0.00 B/s ?unavailable?  gnome-remote-desktop-daemon
   5331 idle ubuntu   1004.80 K/s    0.00 B/s ?unavailable?  python3 /usr/lib/update-notifier/apt-check
Total DISK READ:       561.45 K/s | Total DISK WRITE:       109.93 K/s
Current DISK READ:     561.45 K/s | Current DISK WRITE:     628.19 K/s
    PID  PRIO  USER     DISK READ  DISK WRITE  SWAPIN      IO    COMMAND
   4492 be/4 root        0.00 B/s  109.93 K/s ?unavailable?  qmassa -d 0000:00:02.0,vendor=8086,device=7d55,card=1,driver=i915 -g -x -t /tmp/results/qmassa1-7d55-i915-tool-generated.json
   1413 be/4 root       58.89 K/s    0.00 B/s ?unavailable?  BESClient
   1743 ?dif ubuntu    125.64 K/s    0.00 B/s ?unavailable?  gnome-remote-desktop-daemon
   5331 idle ubuntu    376.92 K/s    0.00 B/s ?unavailable?  python3 /usr/lib/update-notifier/apt-check
Total DISK READ:       706.75 K/s | Total DISK WRITE:       121.72 K/s
Current DISK READ:     706.75 K/s | Current DISK WRITE:     887.36 K/s
    PID  PRIO  USER     DISK READ  DISK WRITE  SWAPIN      IO    COMMAND
   4492 be/4 root        0.00 B/s  117.79 K/s ?unavailable?  qmassa -d 0000:00:02.0,vendor=8086,device=7d55,card=1,driver=i915 -g -x -t /tmp/results/qmassa1-7d55-i915-tool-generated.json
   1413 be/4 root       62.82 K/s    0.00 B/s ?unavailable?  BESClient
   1743 ?dif ubuntu    141.35 K/s    0.00 B/s ?unavailable?  gnome-remote-desktop-daemon
   3752 be/4 root        0.00 B/s    0.00 B/s ?unavailable?  containerd-shim-runc-v2 -namespace moby -id 7eee4cec281aa49c0bc35c930cdaef81d954d6b39a02217e3799360a8e21c55d -address /run/containerd/containerd.sock
   5331 idle ubuntu    502.58 K/s    0.00 B/s ?unavailable?  python3 /usr/lib/update-notifier/apt-check
Total DISK READ:       561.69 K/s | Total DISK WRITE:         7.86 K/s
Current DISK READ:     561.69 K/s | Current DISK WRITE:     502.78 K/s
    PID  PRIO  USER     DISK READ  DISK WRITE  SWAPIN      IO    COMMAND
   4425 be/4 root        0.00 B/s    3.93 K/s ?unavailable?  free -s 1
   1413 be/4 root       51.06 K/s    0.00 B/s ?unavailable?  BESClient
   1743 ?dif ubuntu      7.86 K/s    0.00 B/s ?unavailable?  gnome-remote-desktop-daemon
   3753 be/4 root        0.00 B/s    0.00 B/s ?unavailable?  containerd-shim-runc-v2 -namespace moby -id 1494e8bb3d9b8f2beb4ed1bb03c8840d4228228c1287287efa32035645da46af -address /run/containerd/containerd.sock
   5331 idle ubuntu    502.78 K/s    0.00 B/s ?unavailable?  python3 /usr/lib/update-notifier/apt-check
Total DISK READ:         2.05 M/s | Total DISK WRITE:       117.81 K/s
Current DISK READ:       2.05 M/s | Current DISK WRITE:       7.85 K/s
    PID  PRIO  USER     DISK READ  DISK WRITE  SWAPIN      IO    COMMAND
   4492 be/4 root        0.00 B/s  117.81 K/s ?unavailable?  qmassa -d 0000:00:02.0,vendor=8086,device=7d55,card=1,driver=i915 -g -x -t /tmp/results/qmassa1-7d55-i915-tool-generated.json
   1413 be/4 root       39.27 K/s    0.00 B/s ?unavailable?  BESClient
   1743 ?dif ubuntu    298.45 K/s    0.00 B/s ?unavailable?  gnome-remote-desktop-daemon
   5331 idle ubuntu   1759.29 K/s    0.00 B/s ?unavailable?  python3 /usr/lib/update-notifier/apt-check
Total DISK READ:         3.36 M/s | Total DISK WRITE:       145.35 K/s
Current DISK READ:       3.52 M/s | Current DISK WRITE:      66.78 K/s
    PID  PRIO  USER     DISK READ  DISK WRITE  SWAPIN      IO    COMMAND
   4492 be/4 root        0.00 B/s  117.85 K/s ?unavailable?  qmassa -d 0000:00:02.0,vendor=8086,device=7d55,card=1,driver=i915 -g -x -t /tmp/results/qmassa1-7d55-i915-tool-generated.json
    432 be/3 root        0.00 B/s   23.57 K/s ?unavailable?  [jbd2/nvme0n1p2-8]
   4428 be/4 root        0.00 B/s    3.93 K/s ?unavailable?  python3 /usr/sbin/iotop -o -P -b
   1413 be/4 root      110.00 K/s    0.00 B/s ?unavailable?  BESClient
   1743 ?dif ubuntu     62.86 K/s    0.00 B/s ?unavailable?  gnome-remote-desktop-daemon
   5331 idle ubuntu      3.19 M/s    0.00 B/s ?unavailable?  python3 /usr/lib/update-notifier/apt-check
Total DISK READ:         3.01 M/s | Total DISK WRITE:      1405.32 K/s
Current DISK READ:       3.12 M/s | Current DISK WRITE:       0.00 B/s
    PID  PRIO  USER     DISK READ  DISK WRITE  SWAPIN      IO    COMMAND
    483 be/3 root        0.00 B/s 1401.39 K/s ?unavailable?  systemd-journald
   1271 be/4 102         0.00 B/s    3.93 K/s ?unavailable?  rsyslogd -n -iNONE
   1413 be/4 root       62.81 K/s    0.00 B/s ?unavailable?  BESClient
   5331 idle ubuntu      2.94 M/s    0.00 B/s ?unavailable?  python3 /usr/lib/update-notifier/apt-check
Total DISK READ:      2014.84 K/s | Total DISK WRITE:       129.61 K/s
Current DISK READ:    2014.84 K/s | Current DISK WRITE:       0.00 B/s
    PID  PRIO  USER     DISK READ  DISK WRITE  SWAPIN      IO    COMMAND
   4492 be/4 root        0.00 B/s  121.75 K/s ?unavailable?  qmassa -d 0000:00:02.0,vendor=8086,device=7d55,card=1,driver=i915 -g -x -t /tmp/results/qmassa1-7d55-i915-tool-generated.json
   1958 be/4 root        0.00 B/s    3.93 K/s ?unavailable?  dockerd -H fd:// --containerd=/run/containerd/containerd.sock
   1413 be/4 root        3.93 K/s    0.00 B/s ?unavailable?  BESClient
   3749 be/4 root        0.00 B/s    0.00 B/s ?unavailable?  containerd-shim-runc-v2 -namespace moby -id 54de4e4748676a0311e66a78041eb928289f876adce220486258fdf76fb5c36d -address /run/containerd/containerd.sock
   5331 idle ubuntu   2010.91 K/s    0.00 B/s ?unavailable?  python3 /usr/lib/update-notifier/apt-check
Total DISK READ:         2.02 M/s | Total DISK WRITE:       263.12 K/s
Current DISK READ:       2.03 M/s | Current DISK WRITE:       3.93 K/s
    PID  PRIO  USER     DISK READ  DISK WRITE  SWAPIN      IO    COMMAND
    483 be/3 root        0.00 B/s  141.38 K/s ?unavailable?  systemd-journald
   4492 be/4 root        0.00 B/s  121.74 K/s ?unavailable?  qmassa -d 0000:00:02.0,vendor=8086,device=7d55,card=1,driver=i915 -g -x -t /tmp/results/qmassa1-7d55-i915-tool-generated.json
   1743 ?dif ubuntu     62.84 K/s    0.00 B/s ?unavailable?  gnome-remote-desktop-daemon
   5331 idle ubuntu   2010.74 K/s    0.00 B/s ?unavailable?  python3 /usr/lib/update-notifier/apt-check
Total DISK READ:         2.21 M/s | Total DISK WRITE:       168.94 K/s
Current DISK READ:       2.21 M/s | Current DISK WRITE:     121.79 K/s
    PID  PRIO  USER     DISK READ  DISK WRITE  SWAPIN      IO    COMMAND
    483 be/3 root        0.00 B/s  125.72 K/s ?unavailable?  systemd-journald
    432 be/3 root        0.00 B/s   39.29 K/s ?unavailable?  [jbd2/nvme0n1p2-8]
   1614 ?dif ubuntu      0.00 B/s    3.93 K/s ?unavailable?  wireplumber
   5331 idle ubuntu      2.21 M/s    0.00 B/s ?unavailable?  python3 /usr/lib/update-notifier/apt-check
Total DISK READ:         2.21 M/s | Total DISK WRITE:       125.67 K/s
Current DISK READ:       2.21 M/s | Current DISK WRITE:      31.42 K/s
    PID  PRIO  USER     DISK READ  DISK WRITE  SWAPIN      IO    COMMAND
   4492 be/4 root        0.00 B/s  125.67 K/s ?unavailable?  qmassa -d 0000:00:02.0,vendor=8086,device=7d55,card=1,driver=i915 -g -x -t /tmp/results/qmassa1-7d55-i915-tool-generated.json
   5331 idle ubuntu      2.21 M/s    0.00 B/s ?unavailable?  python3 /usr/lib/update-notifier/apt-check
Total DISK READ:      1130.60 K/s | Total DISK WRITE:       141.33 K/s
Current DISK READ:    1130.60 K/s | Current DISK WRITE:    1052.09 K/s
    PID  PRIO  USER     DISK READ  DISK WRITE  SWAPIN      IO    COMMAND
   4492 be/4 root        0.00 B/s  125.62 K/s ?unavailable?  qmassa -d 0000:00:02.0,vendor=8086,device=7d55,card=1,driver=i915 -g -x -t /tmp/results/qmassa1-7d55-i915-tool-generated.json
   4428 be/4 root        0.00 B/s    7.85 K/s ?unavailable?  python3 /usr/sbin/iotop -o -P -b
   4422 be/4 root        0.00 B/s    3.93 K/s ?unavailable?  sar 1
   4425 be/4 root        0.00 B/s    3.93 K/s ?unavailable?  free -s 1
   5331 idle ubuntu   1130.60 K/s    0.00 B/s ?unavailable?  python3 /usr/lib/update-notifier/apt-check
Total DISK READ:      1005.96 K/s | Total DISK WRITE:        11.79 K/s
Current DISK READ:    1005.96 K/s | Current DISK WRITE:       7.86 K/s
    PID  PRIO  USER     DISK READ  DISK WRITE  SWAPIN      IO    COMMAND
   3747 be/4 root        0.00 B/s    3.93 K/s ?unavailable?  containerd-shim-runc-v2 -namespace moby -id 72533effffea1be4e88b3aadbe33ab66485907a5434e72c8309e5e6032358693 -address /run/containerd/containerd.sock
   3748 be/4 root        0.00 B/s    0.00 B/s ?unavailable?  containerd-shim-runc-v2 -namespace moby -id 5d830ab4408b4429f96aef189bcc994148a99045ccb54fb33f77c1b249013749 -address /run/containerd/containerd.sock
   3752 be/4 root        0.00 B/s    0.00 B/s ?unavailable?  containerd-shim-runc-v2 -namespace moby -id 7eee4cec281aa49c0bc35c930cdaef81d954d6b39a02217e3799360a8e21c55d -address /run/containerd/containerd.sock
   5331 idle ubuntu   1005.96 K/s    0.00 B/s ?unavailable?  python3 /usr/lib/update-notifier/apt-check
Total DISK READ:      1258.24 K/s | Total DISK WRITE:       125.82 K/s
Current DISK READ:    1258.24 K/s | Current DISK WRITE:       3.93 K/s
    PID  PRIO  USER     DISK READ  DISK WRITE  SWAPIN      IO    COMMAND
   4492 be/4 root        0.00 B/s  125.82 K/s ?unavailable?  qmassa -d 0000:00:02.0,vendor=8086,device=7d55,card=1,driver=i915 -g -x -t /tmp/results/qmassa1-7d55-i915-tool-generated.json
   5331 idle ubuntu   1258.24 K/s    0.00 B/s ?unavailable?  python3 /usr/lib/update-notifier/apt-check
   3747 be/4 root        0.00 B/s    0.00 B/s ?unavailable?  containerd-shim-runc-v2 -namespace moby -id 72533effffea1be4e88b3aadbe33ab66485907a5434e72c8309e5e6032358693 -address /run/containerd/containerd.sock
Total DISK READ:      1006.00 K/s | Total DISK WRITE:       129.68 K/s
Current DISK READ:    1006.00 K/s | Current DISK WRITE:      86.45 K/s
    PID  PRIO  USER     DISK READ  DISK WRITE  SWAPIN      IO    COMMAND
   4492 be/4 root        0.00 B/s  129.68 K/s ?unavailable?  qmassa -d 0000:00:02.0,vendor=8086,device=7d55,card=1,driver=i915 -g -x -t /tmp/results/qmassa1-7d55-i915-tool-generated.json
   5331 idle ubuntu   1006.00 K/s    0.00 B/s ?unavailable?  python3 /usr/lib/update-notifier/apt-check
Total DISK READ:      1033.25 K/s | Total DISK WRITE:        19.64 K/s
Current DISK READ:    1033.25 K/s | Current DISK WRITE:       0.00 B/s
    PID  PRIO  USER     DISK READ  DISK WRITE  SWAPIN      IO    COMMAND
    432 be/3 root        0.00 B/s   19.64 K/s ?unavailable?  [jbd2/nvme0n1p2-8]
   3892 be/4 ubuntu     27.50 K/s    0.00 B/s ?unavailable?  python3 -m uvicorn main:app --host 0.0.0.0 --port 8010
   5331 idle ubuntu   1005.75 K/s    0.00 B/s ?unavailable?  python3 /usr/lib/update-notifier/apt-check
Total DISK READ:        12.77 M/s | Total DISK WRITE:       125.88 K/s
Current DISK READ:      22.20 M/s | Current DISK WRITE:       0.00 B/s
    PID  PRIO  USER     DISK READ  DISK WRITE  SWAPIN      IO    COMMAND
   4492 be/4 root        0.00 B/s  125.88 K/s ?unavailable?  qmassa -d 0000:00:02.0,vendor=8086,device=7d55,card=1,driver=i915 -g -x -t /tmp/results/qmassa1-7d55-i915-tool-generated.json
   3892 be/4 ubuntu    212.42 K/s    0.00 B/s ?unavailable?  python3 -m uvicorn main:app --host 0.0.0.0 --port 8010
   5331 idle ubuntu     12.57 M/s    0.00 B/s ?unavailable?  python3 /usr/lib/update-notifier/apt-check
Total DISK READ:        13.17 M/s | Total DISK WRITE:       321.94 K/s
Current DISK READ:      14.81 M/s | Current DISK WRITE:       0.00 B/s
    PID  PRIO  USER     DISK READ  DISK WRITE  SWAPIN      IO    COMMAND
    483 be/3 root        0.00 B/s  188.45 K/s ?unavailable?  systemd-journald
   4492 be/4 root        0.00 B/s  129.56 K/s ?unavailable?  qmassa -d 0000:00:02.0,vendor=8086,device=7d55,card=1,driver=i915 -g -x -t /tmp/results/qmassa1-7d55-i915-tool-generated.json
   4428 be/4 root        0.00 B/s    3.93 K/s ?unavailable?  python3 /usr/sbin/iotop -o -P -b
   1831 ?dif ubuntu      7.85 K/s    0.00 B/s ?unavailable?  gnome-shell
   3892 be/4 ubuntu    125.64 K/s    0.00 B/s ?unavailable?  python3 -m uvicorn main:app --host 0.0.0.0 --port 8010
   5244 be/4 ubuntu     11.78 K/s    0.00 B/s ?unavailable?  update-notifier
   5576 be/4 ubuntu     13.02 M/s    0.00 B/s ?unavailable?  docker ps
Total DISK READ:       121.66 K/s | Total DISK WRITE:         3.92 K/s
Current DISK READ:       2.20 M/s | Current DISK WRITE:       3.92 K/s
    PID  PRIO  USER     DISK READ  DISK WRITE  SWAPIN      IO    COMMAND
   1559 be/4 root       78.49 K/s    0.00 B/s ?unavailable?  containerd
   1958 be/4 root       43.17 K/s    0.00 B/s ?unavailable?  dockerd -H fd:// --containerd=/run/containerd/containerd.sock
   3753 be/4 root        0.00 B/s    0.00 B/s ?unavailable?  containerd-shim-runc-v2 -namespace moby -id 1494e8bb3d9b8f2beb4ed1bb03c8840d4228228c1287287efa32035645da46af -address /run/containerd/containerd.sock
Total DISK READ:         0.00 B/s | Total DISK WRITE:       133.46 K/s
Current DISK READ:       3.93 K/s | Current DISK WRITE:       3.93 K/s
    PID  PRIO  USER     DISK READ  DISK WRITE  SWAPIN      IO    COMMAND
   4492 be/4 root        0.00 B/s  129.53 K/s ?unavailable?  qmassa -d 0000:00:02.0,vendor=8086,device=7d55,card=1,driver=i915 -g -x -t /tmp/results/qmassa1-7d55-i915-tool-generated.json
   1958 be/4 root        0.00 B/s    3.93 K/s ?unavailable?  dockerd -H fd:// --containerd=/run/containerd/containerd.sock
Total DISK READ:         0.00 B/s | Total DISK WRITE:       165.07 K/s
Current DISK READ:       0.00 B/s | Current DISK WRITE:      74.68 K/s
    PID  PRIO  USER     DISK READ  DISK WRITE  SWAPIN      IO    COMMAND
   4492 be/4 root        0.00 B/s  129.70 K/s ?unavailable?  qmassa -d 0000:00:02.0,vendor=8086,device=7d55,card=1,driver=i915 -g -x -t /tmp/results/qmassa1-7d55-i915-tool-generated.json
    432 be/3 root        0.00 B/s   23.58 K/s ?unavailable?  [jbd2/nvme0n1p2-8]
   4436 be/4 root        0.00 B/s   11.79 K/s ?unavailable?  pcm 1 -silent -r -nc -nsys -csv=/tmp/results/pcm.csv
Total DISK READ:         0.00 B/s | Total DISK WRITE:         0.00 B/s
Current DISK READ:       0.00 B/s | Current DISK WRITE:       0.00 B/s
    PID  PRIO  USER     DISK READ  DISK WRITE  SWAPIN      IO    COMMAND
Total DISK READ:        23.58 K/s | Total DISK WRITE:       137.56 K/s
Current DISK READ:      23.58 K/s | Current DISK WRITE:       0.00 B/s
    PID  PRIO  USER     DISK READ  DISK WRITE  SWAPIN      IO    COMMAND
   4492 be/4 root        0.00 B/s  129.70 K/s ?unavailable?  qmassa -d 0000:00:02.0,vendor=8086,device=7d55,card=1,driver=i915 -g -x -t /tmp/results/qmassa1-7d55-i915-tool-generated.json
   4425 be/4 root        0.00 B/s    3.93 K/s ?unavailable?  free -s 1
   1413 be/4 root       23.58 K/s    0.00 B/s ?unavailable?  BESClient
   3752 be/4 root        0.00 B/s    0.00 B/s ?unavailable?  containerd-shim-runc-v2 -namespace moby -id 7eee4cec281aa49c0bc35c930cdaef81d954d6b39a02217e3799360a8e21c55d -address /run/containerd/containerd.sock
Total DISK READ:         0.00 B/s | Total DISK WRITE:       133.63 K/s
Current DISK READ:       0.00 B/s | Current DISK WRITE:       0.00 B/s
    PID  PRIO  USER     DISK READ  DISK WRITE  SWAPIN      IO    COMMAND
   4492 be/4 root        0.00 B/s  133.63 K/s ?unavailable?  qmassa -d 0000:00:02.0,vendor=8086,device=7d55,card=1,driver=i915 -g -x -t /tmp/results/qmassa1-7d55-i915-tool-generated.json
Total DISK READ:         0.00 B/s | Total DISK WRITE:         3.93 K/s
Current DISK READ:       0.00 B/s | Current DISK WRITE:       0.00 B/s
    PID  PRIO  USER     DISK READ  DISK WRITE  SWAPIN      IO    COMMAND
   4428 be/4 root        0.00 B/s    3.93 K/s ?unavailable?  python3 /usr/sbin/iotop -o -P -b
Total DISK READ:         0.00 B/s | Total DISK WRITE:       133.60 K/s
Current DISK READ:       0.00 B/s | Current DISK WRITE:      35.36 K/s
    PID  PRIO  USER     DISK READ  DISK WRITE  SWAPIN      IO    COMMAND
   4492 be/4 root        0.00 B/s  133.60 K/s ?unavailable?  qmassa -d 0000:00:02.0,vendor=8086,device=7d55,card=1,driver=i915 -g -x -t /tmp/results/qmassa1-7d55-i915-tool-generated.json
Total DISK READ:         0.00 B/s | Total DISK WRITE:       133.67 K/s
Current DISK READ:       0.00 B/s | Current DISK WRITE:       0.00 B/s
    PID  PRIO  USER     DISK READ  DISK WRITE  SWAPIN      IO    COMMAND
   4492 be/4 root        0.00 B/s  133.67 K/s ?unavailable?  qmassa -d 0000:00:02.0,vendor=8086,device=7d55,card=1,driver=i915 -g -x -t /tmp/results/qmassa1-7d55-i915-tool-generated.json
Total DISK READ:         0.00 B/s | Total DISK WRITE:        11.78 K/s
Current DISK READ:       0.00 B/s | Current DISK WRITE:       0.00 B/s
    PID  PRIO  USER     DISK READ  DISK WRITE  SWAPIN      IO    COMMAND
   1958 be/4 root        0.00 B/s    3.93 K/s ?unavailable?  dockerd -H fd:// --containerd=/run/containerd/containerd.sock
   3747 be/4 root        0.00 B/s    0.00 B/s ?unavailable?  containerd-shim-runc-v2 -namespace moby -id 72533effffea1be4e88b3aadbe33ab66485907a5434e72c8309e5e6032358693 -address /run/containerd/containerd.sock
   3748 be/4 root        0.00 B/s    0.00 B/s ?unavailable?  containerd-shim-runc-v2 -namespace moby -id 5d830ab4408b4429f96aef189bcc994148a99045ccb54fb33f77c1b249013749 -address /run/containerd/containerd.sock
Total DISK READ:         0.00 B/s | Total DISK WRITE:       133.60 K/s
Current DISK READ:       0.00 B/s | Current DISK WRITE:       0.00 B/s
    PID  PRIO  USER     DISK READ  DISK WRITE  SWAPIN      IO    COMMAND
   4492 be/4 root        0.00 B/s  133.60 K/s ?unavailable?  qmassa -d 0000:00:02.0,vendor=8086,device=7d55,card=1,driver=i915 -g -x -t /tmp/results/qmassa1-7d55-i915-tool-generated.json
Total DISK READ:         0.00 B/s | Total DISK WRITE:       133.55 K/s
Current DISK READ:       0.00 B/s | Current DISK WRITE:       7.86 K/s
    PID  PRIO  USER     DISK READ  DISK WRITE  SWAPIN      IO    COMMAND
   4492 be/4 root        0.00 B/s  133.55 K/s ?unavailable?  qmassa -d 0000:00:02.0,vendor=8086,device=7d55,card=1,driver=i915 -g -x -t /tmp/results/qmassa1-7d55-i915-tool-generated.json
Total DISK READ:         0.00 B/s | Total DISK WRITE:       376.85 K/s
Current DISK READ:       0.00 B/s | Current DISK WRITE:      43.18 K/s
    PID  PRIO  USER     DISK READ  DISK WRITE  SWAPIN      IO    COMMAND
    483 be/3 root        0.00 B/s  376.85 K/s ?unavailable?  systemd-journald
Total DISK READ:         0.00 B/s | Total DISK WRITE:       133.63 K/s
Current DISK READ:       0.00 B/s | Current DISK WRITE:     165.07 K/s
    PID  PRIO  USER     DISK READ  DISK WRITE  SWAPIN      IO    COMMAND
   4492 be/4 root        0.00 B/s  129.70 K/s ?unavailable?  qmassa -d 0000:00:02.0,vendor=8086,device=7d55,card=1,driver=i915 -g -x -t /tmp/results/qmassa1-7d55-i915-tool-generated.json
   3752 be/4 root        0.00 B/s    0.00 B/s ?unavailable?  containerd-shim-runc-v2 -namespace moby -id 7eee4cec281aa49c0bc35c930cdaef81d954d6b39a02217e3799360a8e21c55d -address /run/containerd/containerd.sock
Total DISK READ:         0.00 B/s | Total DISK WRITE:       141.43 K/s
Current DISK READ:       0.00 B/s | Current DISK WRITE:       0.00 B/s
    PID  PRIO  USER     DISK READ  DISK WRITE  SWAPIN      IO    COMMAND
   4492 be/4 root        0.00 B/s  133.57 K/s ?unavailable?  qmassa -d 0000:00:02.0,vendor=8086,device=7d55,card=1,driver=i915 -g -x -t /tmp/results/qmassa1-7d55-i915-tool-generated.json
   1958 be/4 root        0.00 B/s    3.93 K/s ?unavailable?  dockerd -H fd:// --containerd=/run/containerd/containerd.sock
   3753 be/4 root        0.00 B/s    0.00 B/s ?unavailable?  containerd-shim-runc-v2 -namespace moby -id 1494e8bb3d9b8f2beb4ed1bb03c8840d4228228c1287287efa32035645da46af -address /run/containerd/containerd.sock
Total DISK READ:         0.00 B/s | Total DISK WRITE:         3.93 K/s
Current DISK READ:       0.00 B/s | Current DISK WRITE:       0.00 B/s
    PID  PRIO  USER     DISK READ  DISK WRITE  SWAPIN      IO    COMMAND
   4428 be/4 root        0.00 B/s    3.93 K/s ?unavailable?  python3 /usr/sbin/iotop -o -P -b
Total DISK READ:         0.00 B/s | Total DISK WRITE:       133.87 K/s
Current DISK READ:       0.00 B/s | Current DISK WRITE:       0.00 B/s
    PID  PRIO  USER     DISK READ  DISK WRITE  SWAPIN      IO    COMMAND
   4492 be/4 root        0.00 B/s  133.87 K/s ?unavailable?  qmassa -d 0000:00:02.0,vendor=8086,device=7d55,card=1,driver=i915 -g -x -t /tmp/results/qmassa1-7d55-i915-tool-generated.json
Total DISK READ:        98.30 K/s | Total DISK WRITE:       176.94 K/s
Current DISK READ:      98.30 K/s | Current DISK WRITE:      51.12 K/s
    PID  PRIO  USER     DISK READ  DISK WRITE  SWAPIN      IO    COMMAND
   4492 be/4 root        0.00 B/s  133.69 K/s ?unavailable?  qmassa -d 0000:00:02.0,vendor=8086,device=7d55,card=1,driver=i915 -g -x -t /tmp/results/qmassa1-7d55-i915-tool-generated.json
    432 be/3 root        0.00 B/s   43.25 K/s ?unavailable?  [jbd2/nvme0n1p2-8]
   1610 ?dif ubuntu     82.57 K/s    0.00 B/s ?unavailable?  pipewire
   1831 ?dif ubuntu     15.73 K/s    0.00 B/s ?unavailable?  gnome-shell
Total DISK READ:         0.00 B/s | Total DISK WRITE:        39.26 K/s
Current DISK READ:       0.00 B/s | Current DISK WRITE:       2.28 M/s
    PID  PRIO  USER     DISK READ  DISK WRITE  SWAPIN      IO    COMMAND
    432 be/3 root        0.00 B/s   35.33 K/s ?unavailable?  [jbd2/nvme0n1p2-8]
   1614 ?dif ubuntu      0.00 B/s    3.93 K/s ?unavailable?  wireplumber
Total DISK READ:       287.04 K/s | Total DISK WRITE:       137.62 K/s
Current DISK READ:     287.04 K/s | Current DISK WRITE:       0.00 B/s
    PID  PRIO  USER     DISK READ  DISK WRITE  SWAPIN      IO    COMMAND
   4492 be/4 root        0.00 B/s  133.69 K/s ?unavailable?  qmassa -d 0000:00:02.0,vendor=8086,device=7d55,card=1,driver=i915 -g -x -t /tmp/results/qmassa1-7d55-i915-tool-generated.json
   1413 be/4 root      287.04 K/s    0.00 B/s ?unavailable?  BESClient
   3749 be/4 root        0.00 B/s    0.00 B/s ?unavailable?  containerd-shim-runc-v2 -namespace moby -id 54de4e4748676a0311e66a78041eb928289f876adce220486258fdf76fb5c36d -address /run/containerd/containerd.sock
Total DISK READ:         5.86 M/s | Total DISK WRITE:       133.57 K/s
Current DISK READ:       5.86 M/s | Current DISK WRITE:       0.00 B/s
    PID  PRIO  USER     DISK READ  DISK WRITE  SWAPIN      IO    COMMAND
   4492 be/4 root        0.00 B/s  133.57 K/s ?unavailable?  qmassa -d 0000:00:02.0,vendor=8086,device=7d55,card=1,driver=i915 -g -x -t /tmp/results/qmassa1-7d55-i915-tool-generated.json
   1413 be/4 root        5.86 M/s    0.00 B/s ?unavailable?  BESClient
Total DISK READ:         2.34 M/s | Total DISK WRITE:        62.94 K/s
Current DISK READ:       2.34 M/s | Current DISK WRITE:     110.14 K/s
    PID  PRIO  USER     DISK READ  DISK WRITE  SWAPIN      IO    COMMAND
   3083 be/4 ubuntu      0.00 B/s   39.33 K/s ?unavailable?  gvfsd-metadata
    432 be/3 root        0.00 B/s   23.60 K/s ?unavailable?  [jbd2/nvme0n1p2-8]
   1413 be/4 root        2.34 M/s    0.00 B/s ?unavailable?  BESClient
Total DISK READ:         5.04 M/s | Total DISK WRITE:       133.74 K/s
Current DISK READ:       5.29 M/s | Current DISK WRITE:       0.00 B/s
    PID  PRIO  USER     DISK READ  DISK WRITE  SWAPIN      IO    COMMAND
   4492 be/4 root        0.00 B/s  133.74 K/s ?unavailable?  qmassa -d 0000:00:02.0,vendor=8086,device=7d55,card=1,driver=i915 -g -x -t /tmp/results/qmassa1-7d55-i915-tool-generated.json
   1413 be/4 root        5.04 M/s    0.00 B/s ?unavailable?  BESClient
Total DISK READ:         5.28 M/s | Total DISK WRITE:       145.31 K/s
Current DISK READ:       5.28 M/s | Current DISK WRITE:       0.00 B/s
    PID  PRIO  USER     DISK READ  DISK WRITE  SWAPIN      IO    COMMAND
   4492 be/4 root        0.00 B/s  133.53 K/s ?unavailable?  qmassa -d 0000:00:02.0,vendor=8086,device=7d55,card=1,driver=i915 -g -x -t /tmp/results/qmassa1-7d55-i915-tool-generated.json
   4425 be/4 root        0.00 B/s    3.93 K/s ?unavailable?  free -s 1
   4428 be/4 root        0.00 B/s    3.93 K/s ?unavailable?  python3 /usr/sbin/iotop -o -P -b
   1413 be/4 root        5.28 M/s    0.00 B/s ?unavailable?  BESClient
   3752 be/4 root        0.00 B/s    0.00 B/s ?unavailable?  containerd-shim-runc-v2 -namespace moby -id 7eee4cec281aa49c0bc35c930cdaef81d954d6b39a02217e3799360a8e21c55d -address /run/containerd/containerd.sock
Total DISK READ:         3.32 M/s | Total DISK WRITE:        19.65 K/s
Current DISK READ:       3.32 M/s | Current DISK WRITE:       2.73 M/s
    PID  PRIO  USER     DISK READ  DISK WRITE  SWAPIN      IO    COMMAND
   1958 be/4 root        0.00 B/s    3.93 K/s ?unavailable?  dockerd -H fd:// --containerd=/run/containerd/containerd.sock
   4422 be/4 root        0.00 B/s    3.93 K/s ?unavailable?  sar 1
   4425 be/4 root        0.00 B/s    3.93 K/s ?unavailable?  free -s 1
   1413 be/4 root        3.32 M/s    0.00 B/s ?unavailable?  BESClient
   3747 be/4 root        0.00 B/s    0.00 B/s ?unavailable?  containerd-shim-runc-v2 -namespace moby -id 72533effffea1be4e88b3aadbe33ab66485907a5434e72c8309e5e6032358693 -address /run/containerd/containerd.sock
   3748 be/4 root        0.00 B/s    0.00 B/s ?unavailable?  containerd-shim-runc-v2 -namespace moby -id 5d830ab4408b4429f96aef189bcc994148a99045ccb54fb33f77c1b249013749 -address /run/containerd/containerd.sock
Total DISK READ:         5.52 M/s | Total DISK WRITE:       141.36 K/s
Current DISK READ:       5.52 M/s | Current DISK WRITE:       0.00 B/s
    PID  PRIO  USER     DISK READ  DISK WRITE  SWAPIN      IO    COMMAND
   4492 be/4 root        0.00 B/s  137.43 K/s ?unavailable?  qmassa -d 0000:00:02.0,vendor=8086,device=7d55,card=1,driver=i915 -g -x -t /tmp/results/qmassa1-7d55-i915-tool-generated.json
   4428 be/4 root        0.00 B/s    3.93 K/s ?unavailable?  python3 /usr/sbin/iotop -o -P -b
   1413 be/4 root        5.52 M/s    0.00 B/s ?unavailable?  BESClient
Total DISK READ:         4.68 M/s | Total DISK WRITE:       173.25 K/s
Current DISK READ:       6.03 M/s | Current DISK WRITE:      94.50 K/s
    PID  PRIO  USER     DISK READ  DISK WRITE  SWAPIN      IO    COMMAND
   4492 be/4 root        0.00 B/s  133.88 K/s ?unavailable?  qmassa -d 0000:00:02.0,vendor=8086,device=7d55,card=1,driver=i915 -g -x -t /tmp/results/qmassa1-7d55-i915-tool-generated.json
    432 be/3 root        0.00 B/s   35.44 K/s ?unavailable?  [jbd2/nvme0n1p2-8]
   4422 be/4 root        0.00 B/s    3.94 K/s ?unavailable?  sar 1
   1413 be/4 root        4.68 M/s    0.00 B/s ?unavailable?  BESClient
Total DISK READ:         5.66 M/s | Total DISK WRITE:         0.00 B/s
Current DISK READ:       4.31 M/s | Current DISK WRITE:       0.00 B/s
    PID  PRIO  USER     DISK READ  DISK WRITE  SWAPIN      IO    COMMAND
   1413 be/4 root        5.66 M/s    0.00 B/s ?unavailable?  BESClient
Total DISK READ:      1759.30 K/s | Total DISK WRITE:       133.52 K/s
Current DISK READ:    1759.30 K/s | Current DISK WRITE:       0.00 B/s
    PID  PRIO  USER     DISK READ  DISK WRITE  SWAPIN      IO    COMMAND
   4492 be/4 root        0.00 B/s  133.52 K/s ?unavailable?  qmassa -d 0000:00:02.0,vendor=8086,device=7d55,card=1,driver=i915 -g -x -t /tmp/results/qmassa1-7d55-i915-tool-generated.json
   1413 be/4 root     1759.30 K/s    0.00 B/s ?unavailable?  BESClient
Total DISK READ:         6.75 M/s | Total DISK WRITE:       137.49 K/s
Current DISK READ:       6.75 M/s | Current DISK WRITE:       0.00 B/s
    PID  PRIO  USER     DISK READ  DISK WRITE  SWAPIN      IO    COMMAND
   4492 be/4 root        0.00 B/s  133.56 K/s ?unavailable?  qmassa -d 0000:00:02.0,vendor=8086,device=7d55,card=1,driver=i915 -g -x -t /tmp/results/qmassa1-7d55-i915-tool-generated.json
   1413 be/4 root        6.75 M/s    0.00 B/s ?unavailable?  BESClient
   3753 be/4 root        0.00 B/s    0.00 B/s ?unavailable?  containerd-shim-runc-v2 -namespace moby -id 1494e8bb3d9b8f2beb4ed1bb03c8840d4228228c1287287efa32035645da46af -address /run/containerd/containerd.sock
Total DISK READ:         2.83 M/s | Total DISK WRITE:         7.86 K/s
Current DISK READ:       2.83 M/s | Current DISK WRITE:       0.00 B/s
    PID  PRIO  USER     DISK READ  DISK WRITE  SWAPIN      IO    COMMAND
   1958 be/4 root        0.00 B/s    3.93 K/s ?unavailable?  dockerd -H fd:// --containerd=/run/containerd/containerd.sock
   4428 be/4 root        0.00 B/s    3.93 K/s ?unavailable?  python3 /usr/sbin/iotop -o -P -b
   1413 be/4 root        2.83 M/s    0.00 B/s ?unavailable?  BESClient
Total DISK READ:         5.76 M/s | Total DISK WRITE:       133.32 K/s
Current DISK READ:       5.76 M/s | Current DISK WRITE:      47.05 K/s
    PID  PRIO  USER     DISK READ  DISK WRITE  SWAPIN      IO    COMMAND
   4492 be/4 root        0.00 B/s  133.32 K/s ?unavailable?  qmassa -d 0000:00:02.0,vendor=8086,device=7d55,card=1,driver=i915 -g -x -t /tmp/results/qmassa1-7d55-i915-tool-generated.json
   1413 be/4 root        5.76 M/s    0.00 B/s ?unavailable?  BESClient
Total DISK READ:         4.78 M/s | Total DISK WRITE:       133.46 K/s
Current DISK READ:       4.78 M/s | Current DISK WRITE:       0.00 B/s
    PID  PRIO  USER     DISK READ  DISK WRITE  SWAPIN      IO    COMMAND
   4492 be/4 root        0.00 B/s  133.46 K/s ?unavailable?  qmassa -d 0000:00:02.0,vendor=8086,device=7d55,card=1,driver=i915 -g -x -t /tmp/results/qmassa1-7d55-i915-tool-generated.json
   1413 be/4 root        4.78 M/s    0.00 B/s ?unavailable?  BESClient
Total DISK READ:         4.29 M/s | Total DISK WRITE:         3.93 K/s
Current DISK READ:      18.12 M/s | Current DISK WRITE:       0.00 B/s
    PID  PRIO  USER     DISK READ  DISK WRITE  SWAPIN      IO    COMMAND
   1413 be/4 root        4.29 M/s    0.00 B/s ?unavailable?  BESClient
   3752 be/4 root        0.00 B/s    0.00 B/s ?unavailable?  containerd-shim-runc-v2 -namespace moby -id 7eee4cec281aa49c0bc35c930cdaef81d954d6b39a02217e3799360a8e21c55d -address /run/containerd/containerd.sock
