               total        used        free      shared  buff/cache   available
Mem:        65470196     2217856    61994300      264732     2162036    63252340
Swap:        8388604           0     8388604

               total        used        free      shared  buff/cache   available
Mem:        65470196     2275800    61834052      265680     2269680    63194396
Swap:        8388604           0     8388604

               total        used        free      shared  buff/cache   available
Mem:        65470196     2346000    61663300      240260     2347140    63124196
Swap:        8388604           0     8388604

               total        used        free      shared  buff/cache   available
Mem:        65470196     2581432    61264068      240536     2518096    62888764
Swap:        8388604           0     8388604

               total        used        free      shared  buff/cache   available
Mem:        65470196     2766864    60940180      238368     2658268    62703332
Swap:        8388604           0     8388604

               total        used        free      shared  buff/cache   available
Mem:        65470196     3074804    60386128      240404     2910556    62395392
Swap:        8388604           0     8388604

               total        used        free      shared  buff/cache   available
Mem:        65470196     3441128    59862560      240404     3072384    62029068
Swap:        8388604           0     8388604

               total        used        free      shared  buff/cache   available
Mem:        65470196     3497036    59671492      240140     3209656    61973160
Swap:        8388604           0     8388604

               total        used        free      shared  buff/cache   available
Mem:        65470196     3708196    59264776      240268     3408308    61762000
Swap:        8388604           0     8388604

               total        used        free      shared  buff/cache   available
Mem:        65470196     3861296    58946716      240268     3578544    61608900
Swap:        8388604           0     8388604

               total        used        free      shared  buff/cache   available
Mem:        65470196     3877140    58841828      240276     3674004    61593056
Swap:        8388604           0     8388604

               total        used        free      shared  buff/cache   available
Mem:        65470196     3987988    58632836      240276     3777100    61482208
Swap:        8388604           0     8388604

               total        used        free      shared  buff/cache   available
Mem:        65470196     4066888    57199144      240276     5136404    61403308
Swap:        8388604           0     8388604

               total        used        free      shared  buff/cache   available
Mem:        65470196     4985140    56175648      240276     5241680    60485056
Swap:        8388604           0     8388604

               total        used        free      shared  buff/cache   available
Mem:        65470196     4992700    54813788      240300     6597680    60477496
Swap:        8388604           0     8388604

               total        used        free      shared  buff/cache   available
Mem:        65470196     4990288    52536716      240300     8879732    60479908
Swap:        8388604           0     8388604

               total        used        free      shared  buff/cache   available
Mem:        65470196     5783408    50643500     1017136    10758060    59686788
Swap:        8388604           0     8388604

               total        used        free      shared  buff/cache   available
Mem:        65470196     7105796    48048884     2308584    13323244    58364400
Swap:        8388604           0     8388604

               total        used        free      shared  buff/cache   available
Mem:        65470196     8380420    45565596     3556968    15782116    57089776
Swap:        8388604           0     8388604

               total        used        free      shared  buff/cache   available
Mem:        65470196     9603148    43244992     4639468    17963856    55867048
Swap:        8388604           0     8388604

               total        used        free      shared  buff/cache   available
Mem:        65470196     9902212    41989772     4639468    18920936    55567984
Swap:        8388604           0     8388604

               total        used        free      shared  buff/cache   available
Mem:        65470196    10530272    40644096     5239148    20239212    54939924
Swap:        8388604           0     8388604

               total        used        free      shared  buff/cache   available
Mem:        65470196    10583380    40582292     5246376    20255160    54886816
Swap:        8388604           0     8388604

               total        used        free      shared  buff/cache   available
Mem:        65470196    10583012    40582620     5246376    20255160    54887184
Swap:        8388604           0     8388604

               total        used        free      shared  buff/cache   available
Mem:        65470196    10594592    40570060     5246376    20256184    54875604
Swap:        8388604           0     8388604

               total        used        free      shared  buff/cache   available
Mem:        65470196    10590828    40573764     5246376    20256316    54879368
Swap:        8388604           0     8388604

               total        used        free      shared  buff/cache   available
Mem:        65470196    10585540    40578664     5246376    20256700    54884656
Swap:        8388604           0     8388604

               total        used        free      shared  buff/cache   available
Mem:        65470196    10580176    40583188     5246376    20257464    54890020
Swap:        8388604           0     8388604

               total        used        free      shared  buff/cache   available
Mem:        65470196    10581448    40581920     5246380    20257524    54888748
Swap:        8388604           0     8388604

               total        used        free      shared  buff/cache   available
Mem:        65470196    10574176    40588788     5246376    20257940    54896020
Swap:        8388604           0     8388604

               total        used        free      shared  buff/cache   available
Mem:        65470196    10572596    40590296     5246376    20258004    54897600
Swap:        8388604           0     8388604

               total        used        free      shared  buff/cache   available
Mem:        65470196    10569816    40593044     5246372    20258092    54900380
Swap:        8388604           0     8388604

               total        used        free      shared  buff/cache   available
Mem:        65470196    10567360    40595508     5246372    20258092    54902836
Swap:        8388604           0     8388604

               total        used        free      shared  buff/cache   available
Mem:        65470196    10563976    40598640     5246372    20258232    54906220
Swap:        8388604           0     8388604

               total        used        free      shared  buff/cache   available
Mem:        65470196    10554220    40608156     5246372    20258416    54915976
Swap:        8388604           0     8388604

               total        used        free      shared  buff/cache   available
Mem:        65470196    10553340    40608952     5246372    20258532    54916856
Swap:        8388604           0     8388604

               total        used        free      shared  buff/cache   available
Mem:        65470196    10558404    40603844     5248428    20260708    54911792
Swap:        8388604           0     8388604

               total        used        free      shared  buff/cache   available
Mem:        65470196    10562104    40599780     5246408    20259112    54908092
Swap:        8388604           0     8388604

               total        used        free      shared  buff/cache   available
Mem:        65470196    10546468    40615352     5246164    20258980    54923728
Swap:        8388604           0     8388604

               total        used        free      shared  buff/cache   available
Mem:        65470196    10558236    40603048     5246712    20259992    54911960
Swap:        8388604           0     8388604

               total        used        free      shared  buff/cache   available
Mem:        65470196    10561900    40599236     5249016    20262432    54908296
Swap:        8388604           0     8388604

               total        used        free      shared  buff/cache   available
Mem:        65470196    10560052    40600936     5248776    20262388    54910144
Swap:        8388604           0     8388604

               total        used        free      shared  buff/cache   available
Mem:        65470196    10560792    40600096     5249284    20263092    54909404
Swap:        8388604           0     8388604

               total        used        free      shared  buff/cache   available
Mem:        65470196    10554344    40605804     5246536    20260952    54915852
Swap:        8388604           0     8388604

               total        used        free      shared  buff/cache   available
Mem:        65470196    10557300    40601564     5246540    20262156    54912896
Swap:        8388604           0     8388604

               total        used        free      shared  buff/cache   available
Mem:        65470196    10555408    40602028     5246536    20263636    54914788
Swap:        8388604           0     8388604

               total        used        free      shared  buff/cache   available
Mem:        65470196    10552056    40604276     5246536    20264700    54918140
Swap:        8388604           0     8388604

               total        used        free      shared  buff/cache   available
Mem:        65470196    10546964    40607736     5246536    20266356    54923232
Swap:        8388604           0     8388604

               total        used        free      shared  buff/cache   available
Mem:        65470196    10556244    40596248     5246536    20268524    54913952
Swap:        8388604           0     8388604

               total        used        free      shared  buff/cache   available
Mem:        65470196    10552752    40597532     5246536    20270712    54917444
Swap:        8388604           0     8388604

               total        used        free      shared  buff/cache   available
Mem:        65470196    10548580    40600148     5246536    20272372    54921616
Swap:        8388604           0     8388604

               total        used        free      shared  buff/cache   available
Mem:        65470196    10544548    40603204     5246536    20273264    54925648
Swap:        8388604           0     8388604

               total        used        free      shared  buff/cache   available
Mem:        65470196    10540988    40604952     5246536    20275068    54929208
Swap:        8388604           0     8388604

               total        used        free      shared  buff/cache   available
Mem:        65470196    10538540    40606500     5246536    20276056    54931656
Swap:        8388604           0     8388604

               total        used        free      shared  buff/cache   available
Mem:        65470196    10533032    40610568     5246532    20277316    54937164
Swap:        8388604           0     8388604

               total        used        free      shared  buff/cache   available
Mem:        65470196    10533224    40609464     5246536    20278216    54936972
Swap:        8388604           0     8388604

               total        used        free      shared  buff/cache   available
Mem:        65470196    10532508    40608712     5246536    20279868    54937688
Swap:        8388604           0     8388604

               total        used        free      shared  buff/cache   available
Mem:        65470196    10531720    40608400     5246536    20280976    54938476
Swap:        8388604           0     8388604

               total        used        free      shared  buff/cache   available
Mem:        65470196    10542112    40597552     5246532    20281304    54928084
Swap:        8388604           0     8388604

               total        used        free      shared  buff/cache   available
Mem:        65470196    10539904    40598744     5246536    20282416    54930292
Swap:        8388604           0     8388604

               total        used        free      shared  buff/cache   available
Mem:        65470196    10539644    40597720     5246536    20283608    54930552
Swap:        8388604           0     8388604

               total        used        free      shared  buff/cache   available
Mem:        65470196    10544384    40589960     5246536    20286648    54925812
Swap:        8388604           0     8388604

               total        used        free      shared  buff/cache   available
Mem:        65470196    10544584    40585820     5246536    20290640    54925612
Swap:        8388604           0     8388604

               total        used        free      shared  buff/cache   available
Mem:        65470196    10544648    40583192     5246516    20293168    54925548
Swap:        8388604           0     8388604

               total        used        free      shared  buff/cache   available
Mem:        65470196    10765424    40360576     5433952    20482444    54704772
Swap:        8388604           0     8388604

               total        used        free      shared  buff/cache   available
Mem:        65470196    10768888    40354580     5434192    20485232    54701308
Swap:        8388604           0     8388604

               total        used        free      shared  buff/cache   available
Mem:        65470196    10770188    40351036     5434100    20487324    54700008
Swap:        8388604           0     8388604

               total        used        free      shared  buff/cache   available
Mem:        65470196    10770440    40349120     5434012    20488904    54699756
Swap:        8388604           0     8388604

               total        used        free      shared  buff/cache   available
Mem:        65470196    10771044    40346844     5434084    20490648    54699152
Swap:        8388604           0     8388604

               total        used        free      shared  buff/cache   available
Mem:        65470196    10776444    40340656     5434080    20491452    54693752
Swap:        8388604           0     8388604

               total        used        free      shared  buff/cache   available
Mem:        65470196    10777728    40338036     5434172    20492952    54692468
Swap:        8388604           0     8388604

               total        used        free      shared  buff/cache   available
Mem:        65470196    10776468    40338304     5434148    20493840    54693728
Swap:        8388604           0     8388604

               total        used        free      shared  buff/cache   available
Mem:        65470196    10777420    40335992     5436136    20497196    54692776
Swap:        8388604           0     8388604

               total        used        free      shared  buff/cache   available
Mem:        65470196    10787272    40299412     5436060    20523944    54682924
Swap:        8388604           0     8388604

               total        used        free      shared  buff/cache   available
Mem:        65470196    10766932    40306232     5434392    20535888    54703264
Swap:        8388604           0     8388604

               total        used        free      shared  buff/cache   available
Mem:        65470196    10764800    40307792     5436440    20538468    54705396
Swap:        8388604           0     8388604

               total        used        free      shared  buff/cache   available
Mem:        65470196    10767924    40304436     5449496    20551724    54702272
Swap:        8388604           0     8388604

               total        used        free      shared  buff/cache   available
Mem:        65470196    10808572    40263616     5476172    20578640    54661624
Swap:        8388604           0     8388604

               total        used        free      shared  buff/cache   available
Mem:        65470196    10785280    40286916     5447184    20549636    54684916
Swap:        8388604           0     8388604

               total        used        free      shared  buff/cache   available
Mem:        65470196    10784344    40287736     5447200    20549800    54685852
Swap:        8388604           0     8388604

               total        used        free      shared  buff/cache   available
Mem:        65470196    10760148    40311808     5439032    20541776    54710048
Swap:        8388604           0     8388604

               total        used        free      shared  buff/cache   available
Mem:        65470196    10752568    40319388     5438944    20541696    54717628
Swap:        8388604           0     8388604

               total        used        free      shared  buff/cache   available
Mem:        65470196    10753912    40317908     5439008    20541900    54716284
Swap:        8388604           0     8388604

               total        used        free      shared  buff/cache   available
Mem:        65470196    10753020    40318660     5439144    20542204    54717176
Swap:        8388604           0     8388604

               total        used        free      shared  buff/cache   available
Mem:        65470196    10764912    40306724     5439052    20542116    54705284
Swap:        8388604           0     8388604

               total        used        free      shared  buff/cache   available
Mem:        65470196    10760496    40310976     5439120    20542352    54709700
Swap:        8388604           0     8388604

               total        used        free      shared  buff/cache   available
Mem:        65470196    10760732    40310740     5439656    20542888    54709464
Swap:        8388604           0     8388604

               total        used        free      shared  buff/cache   available
Mem:        65470196    10764828    40306508     5444384    20547764    54705368
Swap:        8388604           0     8388604

               total        used        free      shared  buff/cache   available
Mem:        65470196    10753756    40317576     5444156    20547684    54716440
Swap:        8388604           0     8388604

               total        used        free      shared  buff/cache   available
Mem:        65470196    10749320    40321748     5440088    20543760    54720876
Swap:        8388604           0     8388604

               total        used        free      shared  buff/cache   available
Mem:        65470196    10747804    40323264     5439264    20542940    54722392
Swap:        8388604           0     8388604

               total        used        free      shared  buff/cache   available
Mem:        65470196    10767512    40303556     5442924    20546736    54702684
Swap:        8388604           0     8388604

               total        used        free      shared  buff/cache   available
Mem:        65470196    10768424    40302268     5443180    20547252    54701772
Swap:        8388604           0     8388604

               total        used        free      shared  buff/cache   available
Mem:        65470196    10768268    40302428     5442976    20547060    54701928
Swap:        8388604           0     8388604

               total        used        free      shared  buff/cache   available
Mem:        65470196    10757528    40312716     5442788    20547304    54712668
Swap:        8388604           0     8388604

               total        used        free      shared  buff/cache   available
Mem:        65470196    10756756    40310348     5442840    20550416    54713440
Swap:        8388604           0     8388604

               total        used        free      shared  buff/cache   available
Mem:        65470196    10756980    40304256     5442584    20556264    54713216
Swap:        8388604           0     8388604

               total        used        free      shared  buff/cache   available
Mem:        65470196    10757964    40297976     5443160    20562156    54712232
Swap:        8388604           0     8388604

               total        used        free      shared  buff/cache   available
Mem:        65470196    10760588    40289200     5443584    20569032    54709608
Swap:        8388604           0     8388604

               total        used        free      shared  buff/cache   available
Mem:        65470196    10756424    40290116     5442968    20571656    54713772
Swap:        8388604           0     8388604

               total        used        free      shared  buff/cache   available
Mem:        65470196    10753976    40286040     5443624    20579084    54716220
Swap:        8388604           0     8388604

               total        used        free      shared  buff/cache   available
Mem:        65470196    10754828    40282048     5443480    20582148    54715368
Swap:        8388604           0     8388604

               total        used        free      shared  buff/cache   available
Mem:        65470196    10745624    40283780     5443200    20589384    54724572
Swap:        8388604           0     8388604

               total        used        free      shared  buff/cache   available
Mem:        65470196    10745260    40281668     5442904    20591752    54724936
Swap:        8388604           0     8388604

               total        used        free      shared  buff/cache   available
Mem:        65470196    10748224    40273716     5443440    20597396    54721972
Swap:        8388604           0     8388604

               total        used        free      shared  buff/cache   available
Mem:        65470196    10744580    40271980     5442616    20602116    54725616
Swap:        8388604           0     8388604

               total        used        free      shared  buff/cache   available
Mem:        65470196    10745484    40264924     5443280    20609064    54724712
Swap:        8388604           0     8388604

               total        used        free      shared  buff/cache   available
Mem:        65470196    10744028    40263244     5442992    20612008    54726168
Swap:        8388604           0     8388604

               total        used        free      shared  buff/cache   available
Mem:        65470196    10750916    40247824     5443112    20620744    54719280
Swap:        8388604           0     8388604
